2025-01-13 10:42:53,646 [INFO] django.utils.autoreload: Watching for file changes with StatReloader
2025-01-13 10:43:14,915 [WARNING] django.request: Not Found: /
2025-01-13 10:43:15,144 [WARNING] django.request: Not Found: /favicon.ico
2025-01-13 10:43:20,931 [DEBUG] shopapp.views: Products for shop index: [('Laptop', 1999), ('Desktop', 2999), ('Smartphone', 999)]
2025-01-13 10:43:20,932 [INFO] shopapp.views: Rendering shop index
2025-01-13 10:43:33,865 [DEBUG] shopapp.views: Products for shop index: [('Laptop', 1999), ('Desktop', 2999), ('Smartphone', 999)]
2025-01-13 10:43:33,866 [INFO] shopapp.views: Rendering shop index
2025-01-13 10:45:31,790 [INFO] django.utils.autoreload: C:\Users\Admin\Downloads\python_django-master\python_django-master\Django_Cache\mysite\mysite\settings.py changed, reloading.
2025-01-13 10:45:32,228 [INFO] django.utils.autoreload: Watching for file changes with StatReloader
2025-01-13 10:46:16,651 [INFO] django.utils.autoreload: C:\Users\Admin\Downloads\python_django-master\python_django-master\Django_Cache\mysite\mysite\settings.py changed, reloading.
2025-01-13 10:46:17,042 [INFO] django.utils.autoreload: Watching for file changes with StatReloader
2025-01-13 10:46:22,715 [DEBUG] shopapp.views: Products for shop index: [('Laptop', 1999), ('Desktop', 2999), ('Smartphone', 999)]
2025-01-13 10:46:22,716 [INFO] shopapp.views: Rendering shop index
2025-01-13 10:46:23,136 [DEBUG] shopapp.views: Products for shop index: [('Laptop', 1999), ('Desktop', 2999), ('Smartphone', 999)]
2025-01-13 10:46:23,136 [INFO] shopapp.views: Rendering shop index
2025-01-13 10:46:23,472 [DEBUG] shopapp.views: Products for shop index: [('Laptop', 1999), ('Desktop', 2999), ('Smartphone', 999)]
2025-01-13 10:46:23,472 [INFO] shopapp.views: Rendering shop index
2025-01-13 10:46:23,760 [DEBUG] shopapp.views: Products for shop index: [('Laptop', 1999), ('Desktop', 2999), ('Smartphone', 999)]
2025-01-13 10:46:23,760 [INFO] shopapp.views: Rendering shop index
2025-01-13 10:46:24,000 [DEBUG] shopapp.views: Products for shop index: [('Laptop', 1999), ('Desktop', 2999), ('Smartphone', 999)]
2025-01-13 10:46:24,000 [INFO] shopapp.views: Rendering shop index
2025-01-13 10:46:24,488 [DEBUG] shopapp.views: Products for shop index: [('Laptop', 1999), ('Desktop', 2999), ('Smartphone', 999)]
2025-01-13 10:46:24,488 [INFO] shopapp.views: Rendering shop index
2025-01-13 10:46:24,712 [DEBUG] shopapp.views: Products for shop index: [('Laptop', 1999), ('Desktop', 2999), ('Smartphone', 999)]
2025-01-13 10:46:24,712 [INFO] shopapp.views: Rendering shop index
2025-01-13 10:46:24,927 [DEBUG] shopapp.views: Products for shop index: [('Laptop', 1999), ('Desktop', 2999), ('Smartphone', 999)]
2025-01-13 10:46:24,928 [INFO] shopapp.views: Rendering shop index
2025-01-13 10:46:25,120 [DEBUG] shopapp.views: Products for shop index: [('Laptop', 1999), ('Desktop', 2999), ('Smartphone', 999)]
2025-01-13 10:46:25,120 [INFO] shopapp.views: Rendering shop index
2025-01-13 10:46:25,311 [DEBUG] shopapp.views: Products for shop index: [('Laptop', 1999), ('Desktop', 2999), ('Smartphone', 999)]
2025-01-13 10:46:25,312 [INFO] shopapp.views: Rendering shop index
2025-01-13 10:46:34,335 [DEBUG] shopapp.views: Products for shop index: [('Laptop', 1999), ('Desktop', 2999), ('Smartphone', 999)]
2025-01-13 10:46:34,336 [INFO] shopapp.views: Rendering shop index
2025-01-13 10:46:35,991 [DEBUG] shopapp.views: Products for shop index: [('Laptop', 1999), ('Desktop', 2999), ('Smartphone', 999)]
2025-01-13 10:46:35,991 [INFO] shopapp.views: Rendering shop index
2025-01-13 10:46:36,360 [DEBUG] shopapp.views: Products for shop index: [('Laptop', 1999), ('Desktop', 2999), ('Smartphone', 999)]
2025-01-13 10:46:36,361 [INFO] shopapp.views: Rendering shop index
2025-01-13 10:46:36,752 [DEBUG] shopapp.views: Products for shop index: [('Laptop', 1999), ('Desktop', 2999), ('Smartphone', 999)]
2025-01-13 10:46:36,753 [INFO] shopapp.views: Rendering shop index
2025-01-13 10:46:37,112 [DEBUG] shopapp.views: Products for shop index: [('Laptop', 1999), ('Desktop', 2999), ('Smartphone', 999)]
2025-01-13 10:46:37,112 [INFO] shopapp.views: Rendering shop index
2025-01-13 10:46:37,464 [DEBUG] shopapp.views: Products for shop index: [('Laptop', 1999), ('Desktop', 2999), ('Smartphone', 999)]
2025-01-13 10:46:37,464 [INFO] shopapp.views: Rendering shop index
2025-01-13 10:46:37,792 [DEBUG] shopapp.views: Products for shop index: [('Laptop', 1999), ('Desktop', 2999), ('Smartphone', 999)]
2025-01-13 10:46:37,792 [INFO] shopapp.views: Rendering shop index
2025-01-13 10:46:38,032 [DEBUG] shopapp.views: Products for shop index: [('Laptop', 1999), ('Desktop', 2999), ('Smartphone', 999)]
2025-01-13 10:46:38,032 [INFO] shopapp.views: Rendering shop index
2025-01-13 10:46:47,009 [INFO] django.utils.autoreload: C:\Users\Admin\Downloads\python_django-master\python_django-master\Django_Cache\mysite\mysite\settings.py changed, reloading.
2025-01-13 10:46:47,430 [INFO] django.utils.autoreload: Watching for file changes with StatReloader
2025-01-13 10:46:48,438 [DEBUG] shopapp.views: Products for shop index: [('Laptop', 1999), ('Desktop', 2999), ('Smartphone', 999)]
2025-01-13 10:46:48,439 [INFO] shopapp.views: Rendering shop index
2025-01-13 10:47:03,595 [INFO] django.utils.autoreload: C:\Users\Admin\Downloads\python_django-master\python_django-master\Django_Cache\mysite\mysite\settings.py changed, reloading.
2025-01-13 10:47:04,060 [INFO] django.utils.autoreload: Watching for file changes with StatReloader
2025-01-13 10:53:24,161 [INFO] django.utils.autoreload: C:\Users\Admin\Downloads\python_django-master\python_django-master\Django_Cache\mysite\myauth\views.py changed, reloading.
2025-01-13 10:53:24,609 [INFO] django.utils.autoreload: Watching for file changes with StatReloader
2025-01-13 10:53:41,795 [INFO] django.utils.autoreload: C:\Users\Admin\Downloads\python_django-master\python_django-master\Django_Cache\mysite\myauth\views.py changed, reloading.
2025-01-13 10:53:42,263 [INFO] django.utils.autoreload: Watching for file changes with StatReloader
2025-01-13 10:54:23,736 [INFO] django.utils.autoreload: C:\Users\Admin\Downloads\python_django-master\python_django-master\Django_Cache\mysite\myauth\views.py changed, reloading.
2025-01-13 10:54:24,121 [INFO] django.utils.autoreload: Watching for file changes with StatReloader
2025-01-13 10:54:45,211 [INFO] django.utils.autoreload: C:\Users\Admin\Downloads\python_django-master\python_django-master\Django_Cache\mysite\myauth\views.py changed, reloading.
2025-01-13 10:54:45,624 [INFO] django.utils.autoreload: Watching for file changes with StatReloader
2025-01-13 10:54:52,340 [INFO] django.utils.autoreload: C:\Users\Admin\Downloads\python_django-master\python_django-master\Django_Cache\mysite\myauth\views.py changed, reloading.
2025-01-13 10:54:52,737 [INFO] django.utils.autoreload: Watching for file changes with StatReloader
2025-01-13 10:55:25,973 [INFO] django.utils.autoreload: C:\Users\Admin\Downloads\python_django-master\python_django-master\Django_Cache\mysite\myauth\views.py changed, reloading.
2025-01-13 10:55:26,395 [INFO] django.utils.autoreload: Watching for file changes with StatReloader
2025-01-13 10:59:40,963 [INFO] django.utils.autoreload: C:\Users\Admin\Downloads\python_django-master\python_django-master\Django_Cache\mysite\myauth\views.py changed, reloading.
2025-01-13 10:59:41,431 [INFO] django.utils.autoreload: Watching for file changes with StatReloader
2025-01-13 11:43:24,440 [INFO] django.utils.autoreload: C:\Users\Admin\Downloads\python_django-master\python_django-master\Django_Cache\mysite\myauth\urls.py changed, reloading.
2025-01-13 11:43:24,957 [INFO] django.utils.autoreload: Watching for file changes with StatReloader
2025-01-13 11:43:50,522 [INFO] django.utils.autoreload: C:\Users\Admin\Downloads\python_django-master\python_django-master\Django_Cache\mysite\shopapp\urls.py changed, reloading.
2025-01-13 11:43:50,989 [INFO] django.utils.autoreload: Watching for file changes with StatReloader
2025-01-13 11:44:08,225 [INFO] django.utils.autoreload: C:\Users\Admin\Downloads\python_django-master\python_django-master\Django_Cache\mysite\shopapp\urls.py changed, reloading.
2025-01-13 11:44:08,666 [INFO] django.utils.autoreload: Watching for file changes with StatReloader
2025-01-13 11:44:25,852 [INFO] django.utils.autoreload: C:\Users\Admin\Downloads\python_django-master\python_django-master\Django_Cache\mysite\shopapp\urls.py changed, reloading.
2025-01-13 11:44:26,333 [INFO] django.utils.autoreload: Watching for file changes with StatReloader
2025-01-13 11:44:37,293 [DEBUG] shopapp.views: Products for shop index: [('Laptop', 1999), ('Desktop', 2999), ('Smartphone', 999)]
2025-01-13 11:44:37,297 [INFO] shopapp.views: Rendering shop index
2025-01-13 12:06:08,290 [INFO] django.utils.autoreload: C:\Users\Admin\Downloads\python_django-master\python_django-master\Django_Cache\mysite\shopapp\views.py changed, reloading.
2025-01-13 12:06:08,748 [INFO] django.utils.autoreload: Watching for file changes with StatReloader
2025-01-13 12:06:49,793 [INFO] django.utils.autoreload: C:\Users\Admin\Downloads\python_django-master\python_django-master\Django_Cache\mysite\shopapp\views.py changed, reloading.
2025-01-13 12:06:50,190 [INFO] django.utils.autoreload: Watching for file changes with StatReloader
2025-01-13 12:07:02,158 [INFO] django.utils.autoreload: C:\Users\Admin\Downloads\python_django-master\python_django-master\Django_Cache\mysite\shopapp\views.py changed, reloading.
2025-01-13 12:07:02,560 [INFO] django.utils.autoreload: Watching for file changes with StatReloader
2025-01-13 12:08:43,772 [INFO] django.utils.autoreload: C:\Users\Admin\Downloads\python_django-master\python_django-master\Django_Cache\mysite\shopapp\views.py changed, reloading.
2025-01-13 12:08:44,225 [INFO] django.utils.autoreload: Watching for file changes with StatReloader
2025-01-13 12:08:52,820 [INFO] django.utils.autoreload: C:\Users\Admin\Downloads\python_django-master\python_django-master\Django_Cache\mysite\shopapp\views.py changed, reloading.
2025-01-13 12:08:53,179 [INFO] django.utils.autoreload: Watching for file changes with StatReloader
2025-01-13 12:09:01,351 [DEBUG] shopapp.views: Products for shop index: [('Laptop', 1999), ('Desktop', 2999), ('Smartphone', 999)]
2025-01-13 12:09:01,351 [INFO] shopapp.views: Rendering shop index
2025-01-13 12:31:30,016 [INFO] django.utils.autoreload: C:\Users\Admin\Downloads\python_django-master\python_django-master\Django_Cache\mysite\shopapp\views.py changed, reloading.
2025-01-13 12:31:30,430 [INFO] django.utils.autoreload: Watching for file changes with StatReloader
2025-01-13 12:33:13,001 [DEBUG] shopapp.views: Products for shop index: [('Laptop', 1999), ('Desktop', 2999), ('Smartphone', 999)]
2025-01-13 12:33:13,001 [INFO] shopapp.views: Rendering shop index
2025-01-13 12:33:14,007 [DEBUG] shopapp.views: Products for shop index: [('Laptop', 1999), ('Desktop', 2999), ('Smartphone', 999)]
2025-01-13 12:33:14,008 [INFO] shopapp.views: Rendering shop index
2025-01-13 12:33:14,488 [DEBUG] shopapp.views: Products for shop index: [('Laptop', 1999), ('Desktop', 2999), ('Smartphone', 999)]
2025-01-13 12:33:14,488 [INFO] shopapp.views: Rendering shop index
2025-01-13 12:33:14,951 [DEBUG] shopapp.views: Products for shop index: [('Laptop', 1999), ('Desktop', 2999), ('Smartphone', 999)]
2025-01-13 12:33:14,952 [INFO] shopapp.views: Rendering shop index
2025-01-13 12:33:15,303 [DEBUG] shopapp.views: Products for shop index: [('Laptop', 1999), ('Desktop', 2999), ('Smartphone', 999)]
2025-01-13 12:33:15,303 [INFO] shopapp.views: Rendering shop index
2025-01-13 12:33:15,663 [DEBUG] shopapp.views: Products for shop index: [('Laptop', 1999), ('Desktop', 2999), ('Smartphone', 999)]
2025-01-13 12:33:15,664 [INFO] shopapp.views: Rendering shop index
2025-01-13 12:33:15,959 [DEBUG] shopapp.views: Products for shop index: [('Laptop', 1999), ('Desktop', 2999), ('Smartphone', 999)]
2025-01-13 12:33:15,960 [INFO] shopapp.views: Rendering shop index
2025-01-13 12:33:16,263 [DEBUG] shopapp.views: Products for shop index: [('Laptop', 1999), ('Desktop', 2999), ('Smartphone', 999)]
2025-01-13 12:33:16,264 [INFO] shopapp.views: Rendering shop index
2025-01-13 12:33:26,902 [DEBUG] shopapp.views: Products for shop index: [('Laptop', 1999), ('Desktop', 2999), ('Smartphone', 999)]
2025-01-13 12:33:26,903 [INFO] shopapp.views: Rendering shop index
2025-01-13 12:33:31,511 [DEBUG] shopapp.views: Products for shop index: [('Laptop', 1999), ('Desktop', 2999), ('Smartphone', 999)]
2025-01-13 12:33:31,512 [INFO] shopapp.views: Rendering shop index
2025-01-13 12:33:31,928 [DEBUG] shopapp.views: Products for shop index: [('Laptop', 1999), ('Desktop', 2999), ('Smartphone', 999)]
2025-01-13 12:33:31,928 [INFO] shopapp.views: Rendering shop index
2025-01-13 12:33:32,247 [DEBUG] shopapp.views: Products for shop index: [('Laptop', 1999), ('Desktop', 2999), ('Smartphone', 999)]
2025-01-13 12:33:32,248 [INFO] shopapp.views: Rendering shop index
2025-01-13 12:33:40,039 [DEBUG] shopapp.views: Products for shop index: [('Laptop', 1999), ('Desktop', 2999), ('Smartphone', 999)]
2025-01-13 12:33:40,039 [INFO] shopapp.views: Rendering shop index
2025-01-13 12:34:01,254 [DEBUG] shopapp.views: Products for shop index: [('Laptop', 1999), ('Desktop', 2999), ('Smartphone', 999)]
2025-01-13 12:34:01,255 [INFO] shopapp.views: Rendering shop index
2025-01-13 12:34:01,807 [DEBUG] shopapp.views: Products for shop index: [('Laptop', 1999), ('Desktop', 2999), ('Smartphone', 999)]
2025-01-13 12:34:01,808 [INFO] shopapp.views: Rendering shop index
2025-01-13 12:34:02,103 [DEBUG] shopapp.views: Products for shop index: [('Laptop', 1999), ('Desktop', 2999), ('Smartphone', 999)]
2025-01-13 12:34:02,104 [INFO] shopapp.views: Rendering shop index
2025-01-13 12:34:02,295 [DEBUG] shopapp.views: Products for shop index: [('Laptop', 1999), ('Desktop', 2999), ('Smartphone', 999)]
2025-01-13 12:34:02,296 [INFO] shopapp.views: Rendering shop index
2025-01-13 12:34:27,511 [DEBUG] shopapp.views: Products for shop index: [('Laptop', 1999), ('Desktop', 2999), ('Smartphone', 999)]
2025-01-13 12:34:27,512 [INFO] shopapp.views: Rendering shop index
2025-01-13 12:34:35,279 [DEBUG] shopapp.views: Products for shop index: [('Laptop', 1999), ('Desktop', 2999), ('Smartphone', 999)]
2025-01-13 12:34:35,279 [INFO] shopapp.views: Rendering shop index
2025-01-13 12:34:36,695 [DEBUG] shopapp.views: Products for shop index: [('Laptop', 1999), ('Desktop', 2999), ('Smartphone', 999)]
2025-01-13 12:34:36,696 [INFO] shopapp.views: Rendering shop index
2025-01-13 12:34:37,199 [DEBUG] shopapp.views: Products for shop index: [('Laptop', 1999), ('Desktop', 2999), ('Smartphone', 999)]
2025-01-13 12:34:37,200 [INFO] shopapp.views: Rendering shop index
2025-01-13 12:34:37,520 [DEBUG] shopapp.views: Products for shop index: [('Laptop', 1999), ('Desktop', 2999), ('Smartphone', 999)]
2025-01-13 12:34:37,520 [INFO] shopapp.views: Rendering shop index
2025-01-13 12:34:37,695 [DEBUG] shopapp.views: Products for shop index: [('Laptop', 1999), ('Desktop', 2999), ('Smartphone', 999)]
2025-01-13 12:34:37,696 [INFO] shopapp.views: Rendering shop index
2025-01-13 12:35:05,063 [DEBUG] shopapp.views: Products for shop index: [('Laptop', 1999), ('Desktop', 2999), ('Smartphone', 999)]
2025-01-13 12:35:05,063 [INFO] shopapp.views: Rendering shop index
2025-01-13 12:35:18,335 [DEBUG] shopapp.views: Products for shop index: [('Laptop', 1999), ('Desktop', 2999), ('Smartphone', 999)]
2025-01-13 12:35:18,335 [INFO] shopapp.views: Rendering shop index
2025-01-13 12:35:25,479 [DEBUG] shopapp.views: Products for shop index: [('Laptop', 1999), ('Desktop', 2999), ('Smartphone', 999)]
2025-01-13 12:35:25,480 [INFO] shopapp.views: Rendering shop index
2025-01-13 12:35:32,791 [DEBUG] shopapp.views: Products for shop index: [('Laptop', 1999), ('Desktop', 2999), ('Smartphone', 999)]
2025-01-13 12:35:32,792 [INFO] shopapp.views: Rendering shop index
2025-01-13 12:35:46,543 [DEBUG] shopapp.views: Products for shop index: [('Laptop', 1999), ('Desktop', 2999), ('Smartphone', 999)]
2025-01-13 12:35:46,543 [INFO] shopapp.views: Rendering shop index
2025-01-13 12:35:56,983 [DEBUG] shopapp.views: Products for shop index: [('Laptop', 1999), ('Desktop', 2999), ('Smartphone', 999)]
2025-01-13 12:35:56,984 [INFO] shopapp.views: Rendering shop index
2025-01-13 12:36:20,135 [DEBUG] shopapp.views: Products for shop index: [('Laptop', 1999), ('Desktop', 2999), ('Smartphone', 999)]
2025-01-13 12:36:20,136 [INFO] shopapp.views: Rendering shop index
2025-01-13 12:36:21,134 [DEBUG] shopapp.views: Products for shop index: [('Laptop', 1999), ('Desktop', 2999), ('Smartphone', 999)]
2025-01-13 12:36:21,134 [INFO] shopapp.views: Rendering shop index
2025-01-13 12:36:21,503 [DEBUG] shopapp.views: Products for shop index: [('Laptop', 1999), ('Desktop', 2999), ('Smartphone', 999)]
2025-01-13 12:36:21,503 [INFO] shopapp.views: Rendering shop index
2025-01-13 12:36:21,743 [DEBUG] shopapp.views: Products for shop index: [('Laptop', 1999), ('Desktop', 2999), ('Smartphone', 999)]
2025-01-13 12:36:21,743 [INFO] shopapp.views: Rendering shop index
2025-01-13 12:36:21,983 [DEBUG] shopapp.views: Products for shop index: [('Laptop', 1999), ('Desktop', 2999), ('Smartphone', 999)]
2025-01-13 12:36:21,984 [INFO] shopapp.views: Rendering shop index
2025-01-13 12:36:22,223 [DEBUG] shopapp.views: Products for shop index: [('Laptop', 1999), ('Desktop', 2999), ('Smartphone', 999)]
2025-01-13 12:36:22,224 [INFO] shopapp.views: Rendering shop index
2025-01-13 12:36:22,479 [DEBUG] shopapp.views: Products for shop index: [('Laptop', 1999), ('Desktop', 2999), ('Smartphone', 999)]
2025-01-13 12:36:22,479 [INFO] shopapp.views: Rendering shop index
2025-01-13 12:36:22,735 [DEBUG] shopapp.views: Products for shop index: [('Laptop', 1999), ('Desktop', 2999), ('Smartphone', 999)]
2025-01-13 12:36:22,735 [INFO] shopapp.views: Rendering shop index
2025-01-13 12:36:22,943 [DEBUG] shopapp.views: Products for shop index: [('Laptop', 1999), ('Desktop', 2999), ('Smartphone', 999)]
2025-01-13 12:36:22,944 [INFO] shopapp.views: Rendering shop index
2025-01-13 12:36:23,143 [DEBUG] shopapp.views: Products for shop index: [('Laptop', 1999), ('Desktop', 2999), ('Smartphone', 999)]
2025-01-13 12:36:23,143 [INFO] shopapp.views: Rendering shop index
2025-01-13 12:36:23,319 [DEBUG] shopapp.views: Products for shop index: [('Laptop', 1999), ('Desktop', 2999), ('Smartphone', 999)]
2025-01-13 12:36:23,319 [INFO] shopapp.views: Rendering shop index
2025-01-13 12:36:23,495 [DEBUG] shopapp.views: Products for shop index: [('Laptop', 1999), ('Desktop', 2999), ('Smartphone', 999)]
2025-01-13 12:36:23,495 [INFO] shopapp.views: Rendering shop index
2025-01-13 12:36:23,719 [DEBUG] shopapp.views: Products for shop index: [('Laptop', 1999), ('Desktop', 2999), ('Smartphone', 999)]
2025-01-13 12:36:23,719 [INFO] shopapp.views: Rendering shop index
2025-01-13 12:36:23,927 [DEBUG] shopapp.views: Products for shop index: [('Laptop', 1999), ('Desktop', 2999), ('Smartphone', 999)]
2025-01-13 12:36:23,928 [INFO] shopapp.views: Rendering shop index
2025-01-13 12:36:24,143 [DEBUG] shopapp.views: Products for shop index: [('Laptop', 1999), ('Desktop', 2999), ('Smartphone', 999)]
2025-01-13 12:36:24,144 [INFO] shopapp.views: Rendering shop index
2025-01-13 12:36:24,351 [DEBUG] shopapp.views: Products for shop index: [('Laptop', 1999), ('Desktop', 2999), ('Smartphone', 999)]
2025-01-13 12:36:24,352 [INFO] shopapp.views: Rendering shop index
2025-01-13 12:36:24,687 [DEBUG] shopapp.views: Products for shop index: [('Laptop', 1999), ('Desktop', 2999), ('Smartphone', 999)]
2025-01-13 12:36:24,688 [INFO] shopapp.views: Rendering shop index
2025-01-13 12:36:25,071 [DEBUG] shopapp.views: Products for shop index: [('Laptop', 1999), ('Desktop', 2999), ('Smartphone', 999)]
2025-01-13 12:36:25,071 [INFO] shopapp.views: Rendering shop index
2025-01-13 12:36:25,479 [DEBUG] shopapp.views: Products for shop index: [('Laptop', 1999), ('Desktop', 2999), ('Smartphone', 999)]
2025-01-13 12:36:25,480 [INFO] shopapp.views: Rendering shop index
2025-01-13 12:36:25,711 [DEBUG] shopapp.views: Products for shop index: [('Laptop', 1999), ('Desktop', 2999), ('Smartphone', 999)]
2025-01-13 12:36:25,712 [INFO] shopapp.views: Rendering shop index
2025-01-13 12:36:26,063 [DEBUG] shopapp.views: Products for shop index: [('Laptop', 1999), ('Desktop', 2999), ('Smartphone', 999)]
2025-01-13 12:36:26,063 [INFO] shopapp.views: Rendering shop index
2025-01-13 12:36:26,415 [DEBUG] shopapp.views: Products for shop index: [('Laptop', 1999), ('Desktop', 2999), ('Smartphone', 999)]
2025-01-13 12:36:26,416 [INFO] shopapp.views: Rendering shop index
2025-01-13 12:36:26,661 [DEBUG] shopapp.views: Products for shop index: [('Laptop', 1999), ('Desktop', 2999), ('Smartphone', 999)]
2025-01-13 12:36:26,662 [INFO] shopapp.views: Rendering shop index
2025-01-13 12:36:26,831 [DEBUG] shopapp.views: Products for shop index: [('Laptop', 1999), ('Desktop', 2999), ('Smartphone', 999)]
2025-01-13 12:36:26,832 [INFO] shopapp.views: Rendering shop index
2025-01-13 12:36:26,999 [DEBUG] shopapp.views: Products for shop index: [('Laptop', 1999), ('Desktop', 2999), ('Smartphone', 999)]
2025-01-13 12:36:26,999 [INFO] shopapp.views: Rendering shop index
2025-01-13 12:36:27,200 [DEBUG] shopapp.views: Products for shop index: [('Laptop', 1999), ('Desktop', 2999), ('Smartphone', 999)]
2025-01-13 12:36:27,200 [INFO] shopapp.views: Rendering shop index
2025-01-13 12:36:27,415 [DEBUG] shopapp.views: Products for shop index: [('Laptop', 1999), ('Desktop', 2999), ('Smartphone', 999)]
2025-01-13 12:36:27,416 [INFO] shopapp.views: Rendering shop index
2025-01-13 12:36:27,663 [DEBUG] shopapp.views: Products for shop index: [('Laptop', 1999), ('Desktop', 2999), ('Smartphone', 999)]
2025-01-13 12:36:27,664 [INFO] shopapp.views: Rendering shop index
2025-01-13 12:36:28,423 [DEBUG] shopapp.views: Products for shop index: [('Laptop', 1999), ('Desktop', 2999), ('Smartphone', 999)]
2025-01-13 12:36:28,423 [INFO] shopapp.views: Rendering shop index
2025-01-13 12:36:28,623 [DEBUG] shopapp.views: Products for shop index: [('Laptop', 1999), ('Desktop', 2999), ('Smartphone', 999)]
2025-01-13 12:36:28,624 [INFO] shopapp.views: Rendering shop index
2025-01-13 12:36:28,855 [DEBUG] shopapp.views: Products for shop index: [('Laptop', 1999), ('Desktop', 2999), ('Smartphone', 999)]
2025-01-13 12:36:28,856 [INFO] shopapp.views: Rendering shop index
2025-01-13 12:36:29,191 [DEBUG] shopapp.views: Products for shop index: [('Laptop', 1999), ('Desktop', 2999), ('Smartphone', 999)]
2025-01-13 12:36:29,192 [INFO] shopapp.views: Rendering shop index
2025-01-13 12:36:39,087 [DEBUG] shopapp.views: Products for shop index: [('Laptop', 1999), ('Desktop', 2999), ('Smartphone', 999)]
2025-01-13 12:36:39,087 [INFO] shopapp.views: Rendering shop index
2025-01-13 12:36:40,463 [DEBUG] shopapp.views: Products for shop index: [('Laptop', 1999), ('Desktop', 2999), ('Smartphone', 999)]
2025-01-13 12:36:40,464 [INFO] shopapp.views: Rendering shop index
2025-01-13 12:36:40,664 [DEBUG] shopapp.views: Products for shop index: [('Laptop', 1999), ('Desktop', 2999), ('Smartphone', 999)]
2025-01-13 12:36:40,665 [INFO] shopapp.views: Rendering shop index
2025-01-13 12:36:40,855 [DEBUG] shopapp.views: Products for shop index: [('Laptop', 1999), ('Desktop', 2999), ('Smartphone', 999)]
2025-01-13 12:36:40,856 [INFO] shopapp.views: Rendering shop index
2025-01-13 12:36:41,047 [DEBUG] shopapp.views: Products for shop index: [('Laptop', 1999), ('Desktop', 2999), ('Smartphone', 999)]
2025-01-13 12:36:41,048 [INFO] shopapp.views: Rendering shop index
2025-01-13 12:36:41,247 [DEBUG] shopapp.views: Products for shop index: [('Laptop', 1999), ('Desktop', 2999), ('Smartphone', 999)]
2025-01-13 12:36:41,248 [INFO] shopapp.views: Rendering shop index
2025-01-13 12:36:41,423 [DEBUG] shopapp.views: Products for shop index: [('Laptop', 1999), ('Desktop', 2999), ('Smartphone', 999)]
2025-01-13 12:36:41,424 [INFO] shopapp.views: Rendering shop index
2025-01-13 12:36:41,583 [DEBUG] shopapp.views: Products for shop index: [('Laptop', 1999), ('Desktop', 2999), ('Smartphone', 999)]
2025-01-13 12:36:41,584 [INFO] shopapp.views: Rendering shop index
2025-01-13 12:36:41,751 [DEBUG] shopapp.views: Products for shop index: [('Laptop', 1999), ('Desktop', 2999), ('Smartphone', 999)]
2025-01-13 12:36:41,751 [INFO] shopapp.views: Rendering shop index
2025-01-13 12:40:53,544 [DEBUG] shopapp.views: Products for shop index: [('Laptop', 1999), ('Desktop', 2999), ('Smartphone', 999)]
2025-01-13 12:40:53,545 [INFO] shopapp.views: Rendering shop index
2025-01-13 12:41:45,502 [ERROR] django.request: Internal Server Error: /accounts/about-me/
Traceback (most recent call last):
  File "C:\Program Files\Python311-64\Lib\site-packages\django\db\models\fields\__init__.py", line 2018, in get_prep_value
    return int(value)
           ^^^^^^^^^^
TypeError: int() argument must be a string, a bytes-like object or a real number, not 'SimpleLazyObject'

The above exception was the direct cause of the following exception:

Traceback (most recent call last):
  File "C:\Program Files\Python311-64\Lib\site-packages\django\core\handlers\exception.py", line 56, in inner
    response = get_response(request)
               ^^^^^^^^^^^^^^^^^^^^^
  File "C:\Program Files\Python311-64\Lib\site-packages\django\core\handlers\base.py", line 197, in _get_response
    response = wrapped_callback(request, *callback_args, **callback_kwargs)
               ^^^^^^^^^^^^^^^^^^^^^^^^^^^^^^^^^^^^^^^^^^^^^^^^^^^^^^^^^^^^
  File "C:\Program Files\Python311-64\Lib\site-packages\django\views\generic\base.py", line 103, in view
    return self.dispatch(request, *args, **kwargs)
           ^^^^^^^^^^^^^^^^^^^^^^^^^^^^^^^^^^^^^^^
  File "C:\Program Files\Python311-64\Lib\site-packages\django\views\generic\base.py", line 142, in dispatch
    return handler(request, *args, **kwargs)
           ^^^^^^^^^^^^^^^^^^^^^^^^^^^^^^^^^
  File "C:\Program Files\Python311-64\Lib\site-packages\django\views\generic\base.py", line 225, in get
    context = self.get_context_data(**kwargs)
              ^^^^^^^^^^^^^^^^^^^^^^^^^^^^^^^
  File "C:\Users\Admin\Downloads\python_django-master\python_django-master\Django_Cache\mysite\myauth\views.py", line 43, in get_context_data
    profile, created = Profile.objects.get_or_create(user=self.request.user)
                       ^^^^^^^^^^^^^^^^^^^^^^^^^^^^^^^^^^^^^^^^^^^^^^^^^^^^^
  File "C:\Program Files\Python311-64\Lib\site-packages\django\db\models\manager.py", line 85, in manager_method
    return getattr(self.get_queryset(), name)(*args, **kwargs)
           ^^^^^^^^^^^^^^^^^^^^^^^^^^^^^^^^^^^^^^^^^^^^^^^^^^^
  File "C:\Program Files\Python311-64\Lib\site-packages\django\db\models\query.py", line 929, in get_or_create
    return self.get(**kwargs), False
           ^^^^^^^^^^^^^^^^^^
  File "C:\Program Files\Python311-64\Lib\site-packages\django\db\models\query.py", line 636, in get
    clone = self._chain() if self.query.combinator else self.filter(*args, **kwargs)
                                                        ^^^^^^^^^^^^^^^^^^^^^^^^^^^^
  File "C:\Program Files\Python311-64\Lib\site-packages\django\db\models\query.py", line 1421, in filter
    return self._filter_or_exclude(False, args, kwargs)
           ^^^^^^^^^^^^^^^^^^^^^^^^^^^^^^^^^^^^^^^^^^^^
  File "C:\Program Files\Python311-64\Lib\site-packages\django\db\models\query.py", line 1439, in _filter_or_exclude
    clone._filter_or_exclude_inplace(negate, args, kwargs)
  File "C:\Program Files\Python311-64\Lib\site-packages\django\db\models\query.py", line 1446, in _filter_or_exclude_inplace
    self._query.add_q(Q(*args, **kwargs))
  File "C:\Program Files\Python311-64\Lib\site-packages\django\db\models\sql\query.py", line 1532, in add_q
    clause, _ = self._add_q(q_object, self.used_aliases)
                ^^^^^^^^^^^^^^^^^^^^^^^^^^^^^^^^^^^^^^^^
  File "C:\Program Files\Python311-64\Lib\site-packages\django\db\models\sql\query.py", line 1562, in _add_q
    child_clause, needed_inner = self.build_filter(
                                 ^^^^^^^^^^^^^^^^^^
  File "C:\Program Files\Python311-64\Lib\site-packages\django\db\models\sql\query.py", line 1478, in build_filter
    condition = self.build_lookup(lookups, col, value)
                ^^^^^^^^^^^^^^^^^^^^^^^^^^^^^^^^^^^^^^
  File "C:\Program Files\Python311-64\Lib\site-packages\django\db\models\sql\query.py", line 1303, in build_lookup
    lookup = lookup_class(lhs, rhs)
             ^^^^^^^^^^^^^^^^^^^^^^
  File "C:\Program Files\Python311-64\Lib\site-packages\django\db\models\lookups.py", line 27, in __init__
    self.rhs = self.get_prep_lookup()
               ^^^^^^^^^^^^^^^^^^^^^^
  File "C:\Program Files\Python311-64\Lib\site-packages\django\db\models\fields\related_lookups.py", line 166, in get_prep_lookup
    self.rhs = target_field.get_prep_value(self.rhs)
               ^^^^^^^^^^^^^^^^^^^^^^^^^^^^^^^^^^^^^
  File "C:\Program Files\Python311-64\Lib\site-packages\django\db\models\fields\__init__.py", line 2020, in get_prep_value
    raise e.__class__(
TypeError: Field 'id' expected a number but got <SimpleLazyObject: <django.contrib.auth.models.AnonymousUser object at 0x0000029F3F93F590>>.
2025-01-13 12:41:49,752 [WARNING] django.request: Not Found: /accounts/about_me/
2025-01-13 12:41:58,950 [ERROR] django.request: Internal Server Error: /accounts/about-me/
Traceback (most recent call last):
  File "C:\Program Files\Python311-64\Lib\site-packages\django\db\models\fields\__init__.py", line 2018, in get_prep_value
    return int(value)
           ^^^^^^^^^^
TypeError: int() argument must be a string, a bytes-like object or a real number, not 'SimpleLazyObject'

The above exception was the direct cause of the following exception:

Traceback (most recent call last):
  File "C:\Program Files\Python311-64\Lib\site-packages\django\core\handlers\exception.py", line 56, in inner
    response = get_response(request)
               ^^^^^^^^^^^^^^^^^^^^^
  File "C:\Program Files\Python311-64\Lib\site-packages\django\core\handlers\base.py", line 197, in _get_response
    response = wrapped_callback(request, *callback_args, **callback_kwargs)
               ^^^^^^^^^^^^^^^^^^^^^^^^^^^^^^^^^^^^^^^^^^^^^^^^^^^^^^^^^^^^
  File "C:\Program Files\Python311-64\Lib\site-packages\django\views\generic\base.py", line 103, in view
    return self.dispatch(request, *args, **kwargs)
           ^^^^^^^^^^^^^^^^^^^^^^^^^^^^^^^^^^^^^^^
  File "C:\Program Files\Python311-64\Lib\site-packages\django\views\generic\base.py", line 142, in dispatch
    return handler(request, *args, **kwargs)
           ^^^^^^^^^^^^^^^^^^^^^^^^^^^^^^^^^
  File "C:\Program Files\Python311-64\Lib\site-packages\django\views\generic\base.py", line 225, in get
    context = self.get_context_data(**kwargs)
              ^^^^^^^^^^^^^^^^^^^^^^^^^^^^^^^
  File "C:\Users\Admin\Downloads\python_django-master\python_django-master\Django_Cache\mysite\myauth\views.py", line 43, in get_context_data
    profile, created = Profile.objects.get_or_create(user=self.request.user)
                       ^^^^^^^^^^^^^^^^^^^^^^^^^^^^^^^^^^^^^^^^^^^^^^^^^^^^^
  File "C:\Program Files\Python311-64\Lib\site-packages\django\db\models\manager.py", line 85, in manager_method
    return getattr(self.get_queryset(), name)(*args, **kwargs)
           ^^^^^^^^^^^^^^^^^^^^^^^^^^^^^^^^^^^^^^^^^^^^^^^^^^^
  File "C:\Program Files\Python311-64\Lib\site-packages\django\db\models\query.py", line 929, in get_or_create
    return self.get(**kwargs), False
           ^^^^^^^^^^^^^^^^^^
  File "C:\Program Files\Python311-64\Lib\site-packages\django\db\models\query.py", line 636, in get
    clone = self._chain() if self.query.combinator else self.filter(*args, **kwargs)
                                                        ^^^^^^^^^^^^^^^^^^^^^^^^^^^^
  File "C:\Program Files\Python311-64\Lib\site-packages\django\db\models\query.py", line 1421, in filter
    return self._filter_or_exclude(False, args, kwargs)
           ^^^^^^^^^^^^^^^^^^^^^^^^^^^^^^^^^^^^^^^^^^^^
  File "C:\Program Files\Python311-64\Lib\site-packages\django\db\models\query.py", line 1439, in _filter_or_exclude
    clone._filter_or_exclude_inplace(negate, args, kwargs)
  File "C:\Program Files\Python311-64\Lib\site-packages\django\db\models\query.py", line 1446, in _filter_or_exclude_inplace
    self._query.add_q(Q(*args, **kwargs))
  File "C:\Program Files\Python311-64\Lib\site-packages\django\db\models\sql\query.py", line 1532, in add_q
    clause, _ = self._add_q(q_object, self.used_aliases)
                ^^^^^^^^^^^^^^^^^^^^^^^^^^^^^^^^^^^^^^^^
  File "C:\Program Files\Python311-64\Lib\site-packages\django\db\models\sql\query.py", line 1562, in _add_q
    child_clause, needed_inner = self.build_filter(
                                 ^^^^^^^^^^^^^^^^^^
  File "C:\Program Files\Python311-64\Lib\site-packages\django\db\models\sql\query.py", line 1478, in build_filter
    condition = self.build_lookup(lookups, col, value)
                ^^^^^^^^^^^^^^^^^^^^^^^^^^^^^^^^^^^^^^
  File "C:\Program Files\Python311-64\Lib\site-packages\django\db\models\sql\query.py", line 1303, in build_lookup
    lookup = lookup_class(lhs, rhs)
             ^^^^^^^^^^^^^^^^^^^^^^
  File "C:\Program Files\Python311-64\Lib\site-packages\django\db\models\lookups.py", line 27, in __init__
    self.rhs = self.get_prep_lookup()
               ^^^^^^^^^^^^^^^^^^^^^^
  File "C:\Program Files\Python311-64\Lib\site-packages\django\db\models\fields\related_lookups.py", line 166, in get_prep_lookup
    self.rhs = target_field.get_prep_value(self.rhs)
               ^^^^^^^^^^^^^^^^^^^^^^^^^^^^^^^^^^^^^
  File "C:\Program Files\Python311-64\Lib\site-packages\django\db\models\fields\__init__.py", line 2020, in get_prep_value
    raise e.__class__(
TypeError: Field 'id' expected a number but got <SimpleLazyObject: <django.contrib.auth.models.AnonymousUser object at 0x0000029F3E1E4D10>>.
2025-01-13 12:43:16,569 [ERROR] django.request: Internal Server Error: /accounts/about-me/
Traceback (most recent call last):
  File "C:\Program Files\Python311-64\Lib\site-packages\django\db\models\fields\__init__.py", line 2018, in get_prep_value
    return int(value)
           ^^^^^^^^^^
TypeError: int() argument must be a string, a bytes-like object or a real number, not 'SimpleLazyObject'

The above exception was the direct cause of the following exception:

Traceback (most recent call last):
  File "C:\Program Files\Python311-64\Lib\site-packages\django\core\handlers\exception.py", line 56, in inner
    response = get_response(request)
               ^^^^^^^^^^^^^^^^^^^^^
  File "C:\Program Files\Python311-64\Lib\site-packages\django\core\handlers\base.py", line 197, in _get_response
    response = wrapped_callback(request, *callback_args, **callback_kwargs)
               ^^^^^^^^^^^^^^^^^^^^^^^^^^^^^^^^^^^^^^^^^^^^^^^^^^^^^^^^^^^^
  File "C:\Program Files\Python311-64\Lib\site-packages\django\views\generic\base.py", line 103, in view
    return self.dispatch(request, *args, **kwargs)
           ^^^^^^^^^^^^^^^^^^^^^^^^^^^^^^^^^^^^^^^
  File "C:\Program Files\Python311-64\Lib\site-packages\django\views\generic\base.py", line 142, in dispatch
    return handler(request, *args, **kwargs)
           ^^^^^^^^^^^^^^^^^^^^^^^^^^^^^^^^^
  File "C:\Program Files\Python311-64\Lib\site-packages\django\views\generic\base.py", line 225, in get
    context = self.get_context_data(**kwargs)
              ^^^^^^^^^^^^^^^^^^^^^^^^^^^^^^^
  File "C:\Users\Admin\Downloads\python_django-master\python_django-master\Django_Cache\mysite\myauth\views.py", line 43, in get_context_data
    profile, created = Profile.objects.get_or_create(user=self.request.user)
                       ^^^^^^^^^^^^^^^^^^^^^^^^^^^^^^^^^^^^^^^^^^^^^^^^^^^^^
  File "C:\Program Files\Python311-64\Lib\site-packages\django\db\models\manager.py", line 85, in manager_method
    return getattr(self.get_queryset(), name)(*args, **kwargs)
           ^^^^^^^^^^^^^^^^^^^^^^^^^^^^^^^^^^^^^^^^^^^^^^^^^^^
  File "C:\Program Files\Python311-64\Lib\site-packages\django\db\models\query.py", line 929, in get_or_create
    return self.get(**kwargs), False
           ^^^^^^^^^^^^^^^^^^
  File "C:\Program Files\Python311-64\Lib\site-packages\django\db\models\query.py", line 636, in get
    clone = self._chain() if self.query.combinator else self.filter(*args, **kwargs)
                                                        ^^^^^^^^^^^^^^^^^^^^^^^^^^^^
  File "C:\Program Files\Python311-64\Lib\site-packages\django\db\models\query.py", line 1421, in filter
    return self._filter_or_exclude(False, args, kwargs)
           ^^^^^^^^^^^^^^^^^^^^^^^^^^^^^^^^^^^^^^^^^^^^
  File "C:\Program Files\Python311-64\Lib\site-packages\django\db\models\query.py", line 1439, in _filter_or_exclude
    clone._filter_or_exclude_inplace(negate, args, kwargs)
  File "C:\Program Files\Python311-64\Lib\site-packages\django\db\models\query.py", line 1446, in _filter_or_exclude_inplace
    self._query.add_q(Q(*args, **kwargs))
  File "C:\Program Files\Python311-64\Lib\site-packages\django\db\models\sql\query.py", line 1532, in add_q
    clause, _ = self._add_q(q_object, self.used_aliases)
                ^^^^^^^^^^^^^^^^^^^^^^^^^^^^^^^^^^^^^^^^
  File "C:\Program Files\Python311-64\Lib\site-packages\django\db\models\sql\query.py", line 1562, in _add_q
    child_clause, needed_inner = self.build_filter(
                                 ^^^^^^^^^^^^^^^^^^
  File "C:\Program Files\Python311-64\Lib\site-packages\django\db\models\sql\query.py", line 1478, in build_filter
    condition = self.build_lookup(lookups, col, value)
                ^^^^^^^^^^^^^^^^^^^^^^^^^^^^^^^^^^^^^^
  File "C:\Program Files\Python311-64\Lib\site-packages\django\db\models\sql\query.py", line 1303, in build_lookup
    lookup = lookup_class(lhs, rhs)
             ^^^^^^^^^^^^^^^^^^^^^^
  File "C:\Program Files\Python311-64\Lib\site-packages\django\db\models\lookups.py", line 27, in __init__
    self.rhs = self.get_prep_lookup()
               ^^^^^^^^^^^^^^^^^^^^^^
  File "C:\Program Files\Python311-64\Lib\site-packages\django\db\models\fields\related_lookups.py", line 166, in get_prep_lookup
    self.rhs = target_field.get_prep_value(self.rhs)
               ^^^^^^^^^^^^^^^^^^^^^^^^^^^^^^^^^^^^^
  File "C:\Program Files\Python311-64\Lib\site-packages\django\db\models\fields\__init__.py", line 2020, in get_prep_value
    raise e.__class__(
TypeError: Field 'id' expected a number but got <SimpleLazyObject: <django.contrib.auth.models.AnonymousUser object at 0x0000029F3F7D5190>>.
2025-01-13 12:46:16,634 [INFO] django.utils.autoreload: C:\Users\Admin\Downloads\python_django-master\python_django-master\Django_Cache\mysite\myauth\views.py changed, reloading.
2025-01-13 12:46:17,055 [INFO] django.utils.autoreload: Watching for file changes with StatReloader
2025-01-13 12:46:21,250 [ERROR] django.request: Internal Server Error: /accounts/about-me/
Traceback (most recent call last):
  File "C:\Program Files\Python311-64\Lib\site-packages\django\db\models\fields\__init__.py", line 2018, in get_prep_value
    return int(value)
           ^^^^^^^^^^
TypeError: int() argument must be a string, a bytes-like object or a real number, not 'SimpleLazyObject'

The above exception was the direct cause of the following exception:

Traceback (most recent call last):
  File "C:\Program Files\Python311-64\Lib\site-packages\django\core\handlers\exception.py", line 56, in inner
    response = get_response(request)
               ^^^^^^^^^^^^^^^^^^^^^
  File "C:\Program Files\Python311-64\Lib\site-packages\django\core\handlers\base.py", line 197, in _get_response
    response = wrapped_callback(request, *callback_args, **callback_kwargs)
               ^^^^^^^^^^^^^^^^^^^^^^^^^^^^^^^^^^^^^^^^^^^^^^^^^^^^^^^^^^^^
  File "C:\Program Files\Python311-64\Lib\site-packages\django\views\generic\base.py", line 103, in view
    return self.dispatch(request, *args, **kwargs)
           ^^^^^^^^^^^^^^^^^^^^^^^^^^^^^^^^^^^^^^^
  File "C:\Program Files\Python311-64\Lib\site-packages\django\views\generic\base.py", line 142, in dispatch
    return handler(request, *args, **kwargs)
           ^^^^^^^^^^^^^^^^^^^^^^^^^^^^^^^^^
  File "C:\Program Files\Python311-64\Lib\site-packages\django\views\generic\base.py", line 225, in get
    context = self.get_context_data(**kwargs)
              ^^^^^^^^^^^^^^^^^^^^^^^^^^^^^^^
  File "C:\Users\Admin\Downloads\python_django-master\python_django-master\Django_Cache\mysite\myauth\views.py", line 44, in get_context_data
    profile, created = Profile.objects.get_or_create(user=self.request.user)
                       ^^^^^^^^^^^^^^^^^^^^^^^^^^^^^^^^^^^^^^^^^^^^^^^^^^^^^
  File "C:\Program Files\Python311-64\Lib\site-packages\django\db\models\manager.py", line 85, in manager_method
    return getattr(self.get_queryset(), name)(*args, **kwargs)
           ^^^^^^^^^^^^^^^^^^^^^^^^^^^^^^^^^^^^^^^^^^^^^^^^^^^
  File "C:\Program Files\Python311-64\Lib\site-packages\django\db\models\query.py", line 929, in get_or_create
    return self.get(**kwargs), False
           ^^^^^^^^^^^^^^^^^^
  File "C:\Program Files\Python311-64\Lib\site-packages\django\db\models\query.py", line 636, in get
    clone = self._chain() if self.query.combinator else self.filter(*args, **kwargs)
                                                        ^^^^^^^^^^^^^^^^^^^^^^^^^^^^
  File "C:\Program Files\Python311-64\Lib\site-packages\django\db\models\query.py", line 1421, in filter
    return self._filter_or_exclude(False, args, kwargs)
           ^^^^^^^^^^^^^^^^^^^^^^^^^^^^^^^^^^^^^^^^^^^^
  File "C:\Program Files\Python311-64\Lib\site-packages\django\db\models\query.py", line 1439, in _filter_or_exclude
    clone._filter_or_exclude_inplace(negate, args, kwargs)
  File "C:\Program Files\Python311-64\Lib\site-packages\django\db\models\query.py", line 1446, in _filter_or_exclude_inplace
    self._query.add_q(Q(*args, **kwargs))
  File "C:\Program Files\Python311-64\Lib\site-packages\django\db\models\sql\query.py", line 1532, in add_q
    clause, _ = self._add_q(q_object, self.used_aliases)
                ^^^^^^^^^^^^^^^^^^^^^^^^^^^^^^^^^^^^^^^^
  File "C:\Program Files\Python311-64\Lib\site-packages\django\db\models\sql\query.py", line 1562, in _add_q
    child_clause, needed_inner = self.build_filter(
                                 ^^^^^^^^^^^^^^^^^^
  File "C:\Program Files\Python311-64\Lib\site-packages\django\db\models\sql\query.py", line 1478, in build_filter
    condition = self.build_lookup(lookups, col, value)
                ^^^^^^^^^^^^^^^^^^^^^^^^^^^^^^^^^^^^^^
  File "C:\Program Files\Python311-64\Lib\site-packages\django\db\models\sql\query.py", line 1303, in build_lookup
    lookup = lookup_class(lhs, rhs)
             ^^^^^^^^^^^^^^^^^^^^^^
  File "C:\Program Files\Python311-64\Lib\site-packages\django\db\models\lookups.py", line 27, in __init__
    self.rhs = self.get_prep_lookup()
               ^^^^^^^^^^^^^^^^^^^^^^
  File "C:\Program Files\Python311-64\Lib\site-packages\django\db\models\fields\related_lookups.py", line 166, in get_prep_lookup
    self.rhs = target_field.get_prep_value(self.rhs)
               ^^^^^^^^^^^^^^^^^^^^^^^^^^^^^^^^^^^^^
  File "C:\Program Files\Python311-64\Lib\site-packages\django\db\models\fields\__init__.py", line 2020, in get_prep_value
    raise e.__class__(
TypeError: Field 'id' expected a number but got <SimpleLazyObject: <django.contrib.auth.models.AnonymousUser object at 0x0000019F06031510>>.
2025-01-13 12:47:20,454 [INFO] django.utils.autoreload: C:\Users\Admin\Downloads\python_django-master\python_django-master\Django_Cache\mysite\myauth\views.py changed, reloading.
2025-01-13 12:47:20,907 [INFO] django.utils.autoreload: Watching for file changes with StatReloader
2025-01-13 12:47:28,488 [ERROR] django.request: Internal Server Error: /accounts/about-me/
Traceback (most recent call last):
  File "C:\Program Files\Python311-64\Lib\site-packages\django\db\models\fields\__init__.py", line 2018, in get_prep_value
    return int(value)
           ^^^^^^^^^^
TypeError: int() argument must be a string, a bytes-like object or a real number, not 'SimpleLazyObject'

The above exception was the direct cause of the following exception:

Traceback (most recent call last):
  File "C:\Program Files\Python311-64\Lib\site-packages\django\core\handlers\exception.py", line 56, in inner
    response = get_response(request)
               ^^^^^^^^^^^^^^^^^^^^^
  File "C:\Program Files\Python311-64\Lib\site-packages\django\core\handlers\base.py", line 197, in _get_response
    response = wrapped_callback(request, *callback_args, **callback_kwargs)
               ^^^^^^^^^^^^^^^^^^^^^^^^^^^^^^^^^^^^^^^^^^^^^^^^^^^^^^^^^^^^
  File "C:\Program Files\Python311-64\Lib\site-packages\django\views\generic\base.py", line 103, in view
    return self.dispatch(request, *args, **kwargs)
           ^^^^^^^^^^^^^^^^^^^^^^^^^^^^^^^^^^^^^^^
  File "C:\Program Files\Python311-64\Lib\site-packages\django\views\generic\base.py", line 142, in dispatch
    return handler(request, *args, **kwargs)
           ^^^^^^^^^^^^^^^^^^^^^^^^^^^^^^^^^
  File "C:\Program Files\Python311-64\Lib\site-packages\django\views\generic\base.py", line 225, in get
    context = self.get_context_data(**kwargs)
              ^^^^^^^^^^^^^^^^^^^^^^^^^^^^^^^
  File "C:\Users\Admin\Downloads\python_django-master\python_django-master\Django_Cache\mysite\myauth\views.py", line 44, in get_context_data
    profile, created = Profile.objects.get_or_create(user=self.request.user)
                       ^^^^^^^^^^^^^^^^^^^^^^^^^^^^^^^^^^^^^^^^^^^^^^^^^^^^^
  File "C:\Program Files\Python311-64\Lib\site-packages\django\db\models\manager.py", line 85, in manager_method
    return getattr(self.get_queryset(), name)(*args, **kwargs)
           ^^^^^^^^^^^^^^^^^^^^^^^^^^^^^^^^^^^^^^^^^^^^^^^^^^^
  File "C:\Program Files\Python311-64\Lib\site-packages\django\db\models\query.py", line 929, in get_or_create
    return self.get(**kwargs), False
           ^^^^^^^^^^^^^^^^^^
  File "C:\Program Files\Python311-64\Lib\site-packages\django\db\models\query.py", line 636, in get
    clone = self._chain() if self.query.combinator else self.filter(*args, **kwargs)
                                                        ^^^^^^^^^^^^^^^^^^^^^^^^^^^^
  File "C:\Program Files\Python311-64\Lib\site-packages\django\db\models\query.py", line 1421, in filter
    return self._filter_or_exclude(False, args, kwargs)
           ^^^^^^^^^^^^^^^^^^^^^^^^^^^^^^^^^^^^^^^^^^^^
  File "C:\Program Files\Python311-64\Lib\site-packages\django\db\models\query.py", line 1439, in _filter_or_exclude
    clone._filter_or_exclude_inplace(negate, args, kwargs)
  File "C:\Program Files\Python311-64\Lib\site-packages\django\db\models\query.py", line 1446, in _filter_or_exclude_inplace
    self._query.add_q(Q(*args, **kwargs))
  File "C:\Program Files\Python311-64\Lib\site-packages\django\db\models\sql\query.py", line 1532, in add_q
    clause, _ = self._add_q(q_object, self.used_aliases)
                ^^^^^^^^^^^^^^^^^^^^^^^^^^^^^^^^^^^^^^^^
  File "C:\Program Files\Python311-64\Lib\site-packages\django\db\models\sql\query.py", line 1562, in _add_q
    child_clause, needed_inner = self.build_filter(
                                 ^^^^^^^^^^^^^^^^^^
  File "C:\Program Files\Python311-64\Lib\site-packages\django\db\models\sql\query.py", line 1478, in build_filter
    condition = self.build_lookup(lookups, col, value)
                ^^^^^^^^^^^^^^^^^^^^^^^^^^^^^^^^^^^^^^
  File "C:\Program Files\Python311-64\Lib\site-packages\django\db\models\sql\query.py", line 1303, in build_lookup
    lookup = lookup_class(lhs, rhs)
             ^^^^^^^^^^^^^^^^^^^^^^
  File "C:\Program Files\Python311-64\Lib\site-packages\django\db\models\lookups.py", line 27, in __init__
    self.rhs = self.get_prep_lookup()
               ^^^^^^^^^^^^^^^^^^^^^^
  File "C:\Program Files\Python311-64\Lib\site-packages\django\db\models\fields\related_lookups.py", line 166, in get_prep_lookup
    self.rhs = target_field.get_prep_value(self.rhs)
               ^^^^^^^^^^^^^^^^^^^^^^^^^^^^^^^^^^^^^
  File "C:\Program Files\Python311-64\Lib\site-packages\django\db\models\fields\__init__.py", line 2020, in get_prep_value
    raise e.__class__(
TypeError: Field 'id' expected a number but got <SimpleLazyObject: <django.contrib.auth.models.AnonymousUser object at 0x0000022C53CCFED0>>.
2025-01-13 12:47:54,965 [INFO] django.utils.autoreload: C:\Users\Admin\Downloads\python_django-master\python_django-master\Django_Cache\mysite\myauth\views.py changed, reloading.
2025-01-13 12:47:55,359 [INFO] django.utils.autoreload: Watching for file changes with StatReloader
2025-01-13 17:34:57,379 [INFO] django.utils.autoreload: Watching for file changes with StatReloader
2025-01-13 17:35:36,075 [INFO] django.utils.autoreload: C:\Users\Admin\Downloads\Django_Cache\Django_Cache\mysite\shopapp\views.py changed, reloading.
2025-01-13 17:35:36,579 [INFO] django.utils.autoreload: Watching for file changes with StatReloader
2025-01-13 17:35:56,706 [INFO] django.utils.autoreload: C:\Users\Admin\Downloads\Django_Cache\Django_Cache\mysite\shopapp\views.py changed, reloading.
2025-01-13 17:35:57,097 [INFO] django.utils.autoreload: Watching for file changes with StatReloader
2025-01-13 17:36:35,268 [INFO] django.utils.autoreload: C:\Users\Admin\Downloads\Django_Cache\Django_Cache\mysite\shopapp\views.py changed, reloading.
2025-01-13 17:36:35,667 [INFO] django.utils.autoreload: Watching for file changes with StatReloader
2025-01-13 17:37:16,990 [INFO] django.utils.autoreload: C:\Users\Admin\Downloads\Django_Cache\Django_Cache\mysite\shopapp\views.py changed, reloading.
2025-01-13 17:37:17,421 [INFO] django.utils.autoreload: Watching for file changes with StatReloader
2025-01-13 17:37:36,729 [INFO] django.utils.autoreload: C:\Users\Admin\Downloads\Django_Cache\Django_Cache\mysite\shopapp\views.py changed, reloading.
2025-01-13 17:37:37,158 [INFO] django.utils.autoreload: Watching for file changes with StatReloader
2025-01-13 17:37:41,792 [INFO] django.utils.autoreload: C:\Users\Admin\Downloads\Django_Cache\Django_Cache\mysite\shopapp\views.py changed, reloading.
2025-01-13 17:37:42,272 [INFO] django.utils.autoreload: Watching for file changes with StatReloader
2025-01-13 17:38:00,969 [WARNING] django.request: Not Found: /favicon.ico
2025-01-13 17:42:29,068 [INFO] django.utils.autoreload: C:\Users\Admin\Downloads\Django_Cache\Django_Cache\mysite\mysite\settings.py changed, reloading.
2025-01-13 17:42:29,607 [INFO] django.utils.autoreload: Watching for file changes with StatReloader
2025-01-13 17:43:03,565 [INFO] django.utils.autoreload: C:\Users\Admin\Downloads\Django_Cache\Django_Cache\mysite\mysite\settings.py changed, reloading.
2025-01-13 17:43:04,010 [INFO] django.utils.autoreload: Watching for file changes with StatReloader
2025-01-14 16:25:44,058 [INFO] django.utils.autoreload: Watching for file changes with StatReloader
2025-01-14 16:26:02,922 [WARNING] django.request: Not Found: /favicon.ico
2025-01-14 16:26:23,173 [WARNING] django.request: Not Found: /shop/user/1/orders
2025-01-14 16:28:05,142 [WARNING] django.request: Not Found: /shop/users/3/orders/
2025-01-14 16:28:51,138 [INFO] django.utils.autoreload: Watching for file changes with StatReloader
2025-01-14 16:29:05,998 [WARNING] django.request: Not Found: /shop/users/1orders/
2025-01-14 16:35:48,324 [INFO] django.utils.autoreload: C:\Users\Alex\PycharmProjects\python_django\Django_Cache\mysite\shopapp\views.py changed, reloading.
2025-01-14 16:35:49,254 [INFO] django.utils.autoreload: Watching for file changes with StatReloader
2025-01-14 16:35:51,449 [ERROR] django.request: Internal Server Error: /shop/users/1/orders/
Traceback (most recent call last):
  File "C:\Users\Alex\PycharmProjects\python_django\.venv\Lib\site-packages\django\core\handlers\exception.py", line 56, in inner
    response = get_response(request)
               ^^^^^^^^^^^^^^^^^^^^^
  File "C:\Users\Alex\PycharmProjects\python_django\.venv\Lib\site-packages\django\core\handlers\base.py", line 220, in _get_response
    response = response.render()
               ^^^^^^^^^^^^^^^^^
  File "C:\Users\Alex\PycharmProjects\python_django\.venv\Lib\site-packages\django\template\response.py", line 114, in render
    self.content = self.rendered_content
                   ^^^^^^^^^^^^^^^^^^^^^
  File "C:\Users\Alex\PycharmProjects\python_django\.venv\Lib\site-packages\django\template\response.py", line 92, in rendered_content
    return template.render(context, self._request)
           ^^^^^^^^^^^^^^^^^^^^^^^^^^^^^^^^^^^^^^^
  File "C:\Users\Alex\PycharmProjects\python_django\.venv\Lib\site-packages\django\template\backends\django.py", line 61, in render
    return self.template.render(context)
           ^^^^^^^^^^^^^^^^^^^^^^^^^^^^^
  File "C:\Users\Alex\PycharmProjects\python_django\.venv\Lib\site-packages\django\template\base.py", line 175, in render
    return self._render(context)
           ^^^^^^^^^^^^^^^^^^^^^
  File "C:\Users\Alex\PycharmProjects\python_django\.venv\Lib\site-packages\django\test\utils.py", line 111, in instrumented_test_render
    return self.nodelist.render(context)
           ^^^^^^^^^^^^^^^^^^^^^^^^^^^^^
  File "C:\Users\Alex\PycharmProjects\python_django\.venv\Lib\site-packages\django\template\base.py", line 1005, in render
    return SafeString("".join([node.render_annotated(context) for node in self]))
                              ^^^^^^^^^^^^^^^^^^^^^^^^^^^^^^^^^^^^^^^^^^^^^^^^^
  File "C:\Users\Alex\PycharmProjects\python_django\.venv\Lib\site-packages\django\template\base.py", line 1005, in <listcomp>
    return SafeString("".join([node.render_annotated(context) for node in self]))
                               ^^^^^^^^^^^^^^^^^^^^^^^^^^^^^^
  File "C:\Users\Alex\PycharmProjects\python_django\.venv\Lib\site-packages\django\template\base.py", line 966, in render_annotated
    return self.render(context)
           ^^^^^^^^^^^^^^^^^^^^
  File "C:\Users\Alex\PycharmProjects\python_django\.venv\Lib\site-packages\django\template\loader_tags.py", line 157, in render
    return compiled_parent._render(context)
           ^^^^^^^^^^^^^^^^^^^^^^^^^^^^^^^^
  File "C:\Users\Alex\PycharmProjects\python_django\.venv\Lib\site-packages\django\test\utils.py", line 111, in instrumented_test_render
    return self.nodelist.render(context)
           ^^^^^^^^^^^^^^^^^^^^^^^^^^^^^
  File "C:\Users\Alex\PycharmProjects\python_django\.venv\Lib\site-packages\django\template\base.py", line 1005, in render
    return SafeString("".join([node.render_annotated(context) for node in self]))
                              ^^^^^^^^^^^^^^^^^^^^^^^^^^^^^^^^^^^^^^^^^^^^^^^^^
  File "C:\Users\Alex\PycharmProjects\python_django\.venv\Lib\site-packages\django\template\base.py", line 1005, in <listcomp>
    return SafeString("".join([node.render_annotated(context) for node in self]))
                               ^^^^^^^^^^^^^^^^^^^^^^^^^^^^^^
  File "C:\Users\Alex\PycharmProjects\python_django\.venv\Lib\site-packages\django\template\base.py", line 966, in render_annotated
    return self.render(context)
           ^^^^^^^^^^^^^^^^^^^^
  File "C:\Users\Alex\PycharmProjects\python_django\.venv\Lib\site-packages\django\template\loader_tags.py", line 63, in render
    result = block.nodelist.render(context)
             ^^^^^^^^^^^^^^^^^^^^^^^^^^^^^^
  File "C:\Users\Alex\PycharmProjects\python_django\.venv\Lib\site-packages\django\template\base.py", line 1005, in render
    return SafeString("".join([node.render_annotated(context) for node in self]))
                              ^^^^^^^^^^^^^^^^^^^^^^^^^^^^^^^^^^^^^^^^^^^^^^^^^
  File "C:\Users\Alex\PycharmProjects\python_django\.venv\Lib\site-packages\django\template\base.py", line 1005, in <listcomp>
    return SafeString("".join([node.render_annotated(context) for node in self]))
                               ^^^^^^^^^^^^^^^^^^^^^^^^^^^^^^
  File "C:\Users\Alex\PycharmProjects\python_django\.venv\Lib\site-packages\django\template\base.py", line 966, in render_annotated
    return self.render(context)
           ^^^^^^^^^^^^^^^^^^^^
  File "C:\Users\Alex\PycharmProjects\python_django\.venv\Lib\site-packages\django\templatetags\cache.py", line 53, in render
    value = self.nodelist.render(context)
            ^^^^^^^^^^^^^^^^^^^^^^^^^^^^^
  File "C:\Users\Alex\PycharmProjects\python_django\.venv\Lib\site-packages\django\template\base.py", line 1005, in render
    return SafeString("".join([node.render_annotated(context) for node in self]))
                              ^^^^^^^^^^^^^^^^^^^^^^^^^^^^^^^^^^^^^^^^^^^^^^^^^
  File "C:\Users\Alex\PycharmProjects\python_django\.venv\Lib\site-packages\django\template\base.py", line 1005, in <listcomp>
    return SafeString("".join([node.render_annotated(context) for node in self]))
                               ^^^^^^^^^^^^^^^^^^^^^^^^^^^^^^
  File "C:\Users\Alex\PycharmProjects\python_django\.venv\Lib\site-packages\django\template\base.py", line 966, in render_annotated
    return self.render(context)
           ^^^^^^^^^^^^^^^^^^^^
  File "C:\Users\Alex\PycharmProjects\python_django\.venv\Lib\site-packages\django\template\defaulttags.py", line 321, in render
    return nodelist.render(context)
           ^^^^^^^^^^^^^^^^^^^^^^^^
  File "C:\Users\Alex\PycharmProjects\python_django\.venv\Lib\site-packages\django\template\base.py", line 1005, in render
    return SafeString("".join([node.render_annotated(context) for node in self]))
                              ^^^^^^^^^^^^^^^^^^^^^^^^^^^^^^^^^^^^^^^^^^^^^^^^^
  File "C:\Users\Alex\PycharmProjects\python_django\.venv\Lib\site-packages\django\template\base.py", line 1005, in <listcomp>
    return SafeString("".join([node.render_annotated(context) for node in self]))
                               ^^^^^^^^^^^^^^^^^^^^^^^^^^^^^^
  File "C:\Users\Alex\PycharmProjects\python_django\.venv\Lib\site-packages\django\template\base.py", line 966, in render_annotated
    return self.render(context)
           ^^^^^^^^^^^^^^^^^^^^
  File "C:\Users\Alex\PycharmProjects\python_django\.venv\Lib\site-packages\django\template\defaulttags.py", line 238, in render
    nodelist.append(node.render_annotated(context))
                    ^^^^^^^^^^^^^^^^^^^^^^^^^^^^^^
  File "C:\Users\Alex\PycharmProjects\python_django\.venv\Lib\site-packages\django\template\base.py", line 966, in render_annotated
    return self.render(context)
           ^^^^^^^^^^^^^^^^^^^^
  File "C:\Users\Alex\PycharmProjects\python_django\.venv\Lib\site-packages\django\template\defaulttags.py", line 193, in render
    values = list(values)
             ^^^^^^^^^^^^
TypeError: 'ManyRelatedManager' object is not iterable
2025-01-14 16:35:53,383 [ERROR] django.request: Internal Server Error: /shop/users/1/orders/
Traceback (most recent call last):
  File "C:\Users\Alex\PycharmProjects\python_django\.venv\Lib\site-packages\django\core\handlers\exception.py", line 56, in inner
    response = get_response(request)
               ^^^^^^^^^^^^^^^^^^^^^
  File "C:\Users\Alex\PycharmProjects\python_django\.venv\Lib\site-packages\django\core\handlers\base.py", line 220, in _get_response
    response = response.render()
               ^^^^^^^^^^^^^^^^^
  File "C:\Users\Alex\PycharmProjects\python_django\.venv\Lib\site-packages\django\template\response.py", line 114, in render
    self.content = self.rendered_content
                   ^^^^^^^^^^^^^^^^^^^^^
  File "C:\Users\Alex\PycharmProjects\python_django\.venv\Lib\site-packages\django\template\response.py", line 92, in rendered_content
    return template.render(context, self._request)
           ^^^^^^^^^^^^^^^^^^^^^^^^^^^^^^^^^^^^^^^
  File "C:\Users\Alex\PycharmProjects\python_django\.venv\Lib\site-packages\django\template\backends\django.py", line 61, in render
    return self.template.render(context)
           ^^^^^^^^^^^^^^^^^^^^^^^^^^^^^
  File "C:\Users\Alex\PycharmProjects\python_django\.venv\Lib\site-packages\django\template\base.py", line 175, in render
    return self._render(context)
           ^^^^^^^^^^^^^^^^^^^^^
  File "C:\Users\Alex\PycharmProjects\python_django\.venv\Lib\site-packages\django\test\utils.py", line 111, in instrumented_test_render
    return self.nodelist.render(context)
           ^^^^^^^^^^^^^^^^^^^^^^^^^^^^^
  File "C:\Users\Alex\PycharmProjects\python_django\.venv\Lib\site-packages\django\template\base.py", line 1005, in render
    return SafeString("".join([node.render_annotated(context) for node in self]))
                              ^^^^^^^^^^^^^^^^^^^^^^^^^^^^^^^^^^^^^^^^^^^^^^^^^
  File "C:\Users\Alex\PycharmProjects\python_django\.venv\Lib\site-packages\django\template\base.py", line 1005, in <listcomp>
    return SafeString("".join([node.render_annotated(context) for node in self]))
                               ^^^^^^^^^^^^^^^^^^^^^^^^^^^^^^
  File "C:\Users\Alex\PycharmProjects\python_django\.venv\Lib\site-packages\django\template\base.py", line 966, in render_annotated
    return self.render(context)
           ^^^^^^^^^^^^^^^^^^^^
  File "C:\Users\Alex\PycharmProjects\python_django\.venv\Lib\site-packages\django\template\loader_tags.py", line 157, in render
    return compiled_parent._render(context)
           ^^^^^^^^^^^^^^^^^^^^^^^^^^^^^^^^
  File "C:\Users\Alex\PycharmProjects\python_django\.venv\Lib\site-packages\django\test\utils.py", line 111, in instrumented_test_render
    return self.nodelist.render(context)
           ^^^^^^^^^^^^^^^^^^^^^^^^^^^^^
  File "C:\Users\Alex\PycharmProjects\python_django\.venv\Lib\site-packages\django\template\base.py", line 1005, in render
    return SafeString("".join([node.render_annotated(context) for node in self]))
                              ^^^^^^^^^^^^^^^^^^^^^^^^^^^^^^^^^^^^^^^^^^^^^^^^^
  File "C:\Users\Alex\PycharmProjects\python_django\.venv\Lib\site-packages\django\template\base.py", line 1005, in <listcomp>
    return SafeString("".join([node.render_annotated(context) for node in self]))
                               ^^^^^^^^^^^^^^^^^^^^^^^^^^^^^^
  File "C:\Users\Alex\PycharmProjects\python_django\.venv\Lib\site-packages\django\template\base.py", line 966, in render_annotated
    return self.render(context)
           ^^^^^^^^^^^^^^^^^^^^
  File "C:\Users\Alex\PycharmProjects\python_django\.venv\Lib\site-packages\django\template\loader_tags.py", line 63, in render
    result = block.nodelist.render(context)
             ^^^^^^^^^^^^^^^^^^^^^^^^^^^^^^
  File "C:\Users\Alex\PycharmProjects\python_django\.venv\Lib\site-packages\django\template\base.py", line 1005, in render
    return SafeString("".join([node.render_annotated(context) for node in self]))
                              ^^^^^^^^^^^^^^^^^^^^^^^^^^^^^^^^^^^^^^^^^^^^^^^^^
  File "C:\Users\Alex\PycharmProjects\python_django\.venv\Lib\site-packages\django\template\base.py", line 1005, in <listcomp>
    return SafeString("".join([node.render_annotated(context) for node in self]))
                               ^^^^^^^^^^^^^^^^^^^^^^^^^^^^^^
  File "C:\Users\Alex\PycharmProjects\python_django\.venv\Lib\site-packages\django\template\base.py", line 966, in render_annotated
    return self.render(context)
           ^^^^^^^^^^^^^^^^^^^^
  File "C:\Users\Alex\PycharmProjects\python_django\.venv\Lib\site-packages\django\templatetags\cache.py", line 53, in render
    value = self.nodelist.render(context)
            ^^^^^^^^^^^^^^^^^^^^^^^^^^^^^
  File "C:\Users\Alex\PycharmProjects\python_django\.venv\Lib\site-packages\django\template\base.py", line 1005, in render
    return SafeString("".join([node.render_annotated(context) for node in self]))
                              ^^^^^^^^^^^^^^^^^^^^^^^^^^^^^^^^^^^^^^^^^^^^^^^^^
  File "C:\Users\Alex\PycharmProjects\python_django\.venv\Lib\site-packages\django\template\base.py", line 1005, in <listcomp>
    return SafeString("".join([node.render_annotated(context) for node in self]))
                               ^^^^^^^^^^^^^^^^^^^^^^^^^^^^^^
  File "C:\Users\Alex\PycharmProjects\python_django\.venv\Lib\site-packages\django\template\base.py", line 966, in render_annotated
    return self.render(context)
           ^^^^^^^^^^^^^^^^^^^^
  File "C:\Users\Alex\PycharmProjects\python_django\.venv\Lib\site-packages\django\template\defaulttags.py", line 321, in render
    return nodelist.render(context)
           ^^^^^^^^^^^^^^^^^^^^^^^^
  File "C:\Users\Alex\PycharmProjects\python_django\.venv\Lib\site-packages\django\template\base.py", line 1005, in render
    return SafeString("".join([node.render_annotated(context) for node in self]))
                              ^^^^^^^^^^^^^^^^^^^^^^^^^^^^^^^^^^^^^^^^^^^^^^^^^
  File "C:\Users\Alex\PycharmProjects\python_django\.venv\Lib\site-packages\django\template\base.py", line 1005, in <listcomp>
    return SafeString("".join([node.render_annotated(context) for node in self]))
                               ^^^^^^^^^^^^^^^^^^^^^^^^^^^^^^
  File "C:\Users\Alex\PycharmProjects\python_django\.venv\Lib\site-packages\django\template\base.py", line 966, in render_annotated
    return self.render(context)
           ^^^^^^^^^^^^^^^^^^^^
  File "C:\Users\Alex\PycharmProjects\python_django\.venv\Lib\site-packages\django\template\defaulttags.py", line 238, in render
    nodelist.append(node.render_annotated(context))
                    ^^^^^^^^^^^^^^^^^^^^^^^^^^^^^^
  File "C:\Users\Alex\PycharmProjects\python_django\.venv\Lib\site-packages\django\template\base.py", line 966, in render_annotated
    return self.render(context)
           ^^^^^^^^^^^^^^^^^^^^
  File "C:\Users\Alex\PycharmProjects\python_django\.venv\Lib\site-packages\django\template\defaulttags.py", line 193, in render
    values = list(values)
             ^^^^^^^^^^^^
TypeError: 'ManyRelatedManager' object is not iterable
2025-01-14 16:36:55,997 [INFO] django.utils.autoreload: C:\Users\Alex\PycharmProjects\python_django\Django_Cache\mysite\shopapp\views.py changed, reloading.
2025-01-14 16:36:56,653 [INFO] django.utils.autoreload: Watching for file changes with StatReloader
2025-01-14 16:36:59,242 [ERROR] django.request: Internal Server Error: /shop/users/1/orders/
Traceback (most recent call last):
  File "C:\Users\Alex\PycharmProjects\python_django\.venv\Lib\site-packages\django\core\handlers\exception.py", line 56, in inner
    response = get_response(request)
               ^^^^^^^^^^^^^^^^^^^^^
  File "C:\Users\Alex\PycharmProjects\python_django\.venv\Lib\site-packages\django\core\handlers\base.py", line 220, in _get_response
    response = response.render()
               ^^^^^^^^^^^^^^^^^
  File "C:\Users\Alex\PycharmProjects\python_django\.venv\Lib\site-packages\django\template\response.py", line 114, in render
    self.content = self.rendered_content
                   ^^^^^^^^^^^^^^^^^^^^^
  File "C:\Users\Alex\PycharmProjects\python_django\.venv\Lib\site-packages\django\template\response.py", line 92, in rendered_content
    return template.render(context, self._request)
           ^^^^^^^^^^^^^^^^^^^^^^^^^^^^^^^^^^^^^^^
  File "C:\Users\Alex\PycharmProjects\python_django\.venv\Lib\site-packages\django\template\backends\django.py", line 61, in render
    return self.template.render(context)
           ^^^^^^^^^^^^^^^^^^^^^^^^^^^^^
  File "C:\Users\Alex\PycharmProjects\python_django\.venv\Lib\site-packages\django\template\base.py", line 175, in render
    return self._render(context)
           ^^^^^^^^^^^^^^^^^^^^^
  File "C:\Users\Alex\PycharmProjects\python_django\.venv\Lib\site-packages\django\test\utils.py", line 111, in instrumented_test_render
    return self.nodelist.render(context)
           ^^^^^^^^^^^^^^^^^^^^^^^^^^^^^
  File "C:\Users\Alex\PycharmProjects\python_django\.venv\Lib\site-packages\django\template\base.py", line 1005, in render
    return SafeString("".join([node.render_annotated(context) for node in self]))
                              ^^^^^^^^^^^^^^^^^^^^^^^^^^^^^^^^^^^^^^^^^^^^^^^^^
  File "C:\Users\Alex\PycharmProjects\python_django\.venv\Lib\site-packages\django\template\base.py", line 1005, in <listcomp>
    return SafeString("".join([node.render_annotated(context) for node in self]))
                               ^^^^^^^^^^^^^^^^^^^^^^^^^^^^^^
  File "C:\Users\Alex\PycharmProjects\python_django\.venv\Lib\site-packages\django\template\base.py", line 966, in render_annotated
    return self.render(context)
           ^^^^^^^^^^^^^^^^^^^^
  File "C:\Users\Alex\PycharmProjects\python_django\.venv\Lib\site-packages\django\template\loader_tags.py", line 157, in render
    return compiled_parent._render(context)
           ^^^^^^^^^^^^^^^^^^^^^^^^^^^^^^^^
  File "C:\Users\Alex\PycharmProjects\python_django\.venv\Lib\site-packages\django\test\utils.py", line 111, in instrumented_test_render
    return self.nodelist.render(context)
           ^^^^^^^^^^^^^^^^^^^^^^^^^^^^^
  File "C:\Users\Alex\PycharmProjects\python_django\.venv\Lib\site-packages\django\template\base.py", line 1005, in render
    return SafeString("".join([node.render_annotated(context) for node in self]))
                              ^^^^^^^^^^^^^^^^^^^^^^^^^^^^^^^^^^^^^^^^^^^^^^^^^
  File "C:\Users\Alex\PycharmProjects\python_django\.venv\Lib\site-packages\django\template\base.py", line 1005, in <listcomp>
    return SafeString("".join([node.render_annotated(context) for node in self]))
                               ^^^^^^^^^^^^^^^^^^^^^^^^^^^^^^
  File "C:\Users\Alex\PycharmProjects\python_django\.venv\Lib\site-packages\django\template\base.py", line 966, in render_annotated
    return self.render(context)
           ^^^^^^^^^^^^^^^^^^^^
  File "C:\Users\Alex\PycharmProjects\python_django\.venv\Lib\site-packages\django\template\loader_tags.py", line 63, in render
    result = block.nodelist.render(context)
             ^^^^^^^^^^^^^^^^^^^^^^^^^^^^^^
  File "C:\Users\Alex\PycharmProjects\python_django\.venv\Lib\site-packages\django\template\base.py", line 1005, in render
    return SafeString("".join([node.render_annotated(context) for node in self]))
                              ^^^^^^^^^^^^^^^^^^^^^^^^^^^^^^^^^^^^^^^^^^^^^^^^^
  File "C:\Users\Alex\PycharmProjects\python_django\.venv\Lib\site-packages\django\template\base.py", line 1005, in <listcomp>
    return SafeString("".join([node.render_annotated(context) for node in self]))
                               ^^^^^^^^^^^^^^^^^^^^^^^^^^^^^^
  File "C:\Users\Alex\PycharmProjects\python_django\.venv\Lib\site-packages\django\template\base.py", line 966, in render_annotated
    return self.render(context)
           ^^^^^^^^^^^^^^^^^^^^
  File "C:\Users\Alex\PycharmProjects\python_django\.venv\Lib\site-packages\django\templatetags\cache.py", line 53, in render
    value = self.nodelist.render(context)
            ^^^^^^^^^^^^^^^^^^^^^^^^^^^^^
  File "C:\Users\Alex\PycharmProjects\python_django\.venv\Lib\site-packages\django\template\base.py", line 1005, in render
    return SafeString("".join([node.render_annotated(context) for node in self]))
                              ^^^^^^^^^^^^^^^^^^^^^^^^^^^^^^^^^^^^^^^^^^^^^^^^^
  File "C:\Users\Alex\PycharmProjects\python_django\.venv\Lib\site-packages\django\template\base.py", line 1005, in <listcomp>
    return SafeString("".join([node.render_annotated(context) for node in self]))
                               ^^^^^^^^^^^^^^^^^^^^^^^^^^^^^^
  File "C:\Users\Alex\PycharmProjects\python_django\.venv\Lib\site-packages\django\template\base.py", line 966, in render_annotated
    return self.render(context)
           ^^^^^^^^^^^^^^^^^^^^
  File "C:\Users\Alex\PycharmProjects\python_django\.venv\Lib\site-packages\django\template\defaulttags.py", line 321, in render
    return nodelist.render(context)
           ^^^^^^^^^^^^^^^^^^^^^^^^
  File "C:\Users\Alex\PycharmProjects\python_django\.venv\Lib\site-packages\django\template\base.py", line 1005, in render
    return SafeString("".join([node.render_annotated(context) for node in self]))
                              ^^^^^^^^^^^^^^^^^^^^^^^^^^^^^^^^^^^^^^^^^^^^^^^^^
  File "C:\Users\Alex\PycharmProjects\python_django\.venv\Lib\site-packages\django\template\base.py", line 1005, in <listcomp>
    return SafeString("".join([node.render_annotated(context) for node in self]))
                               ^^^^^^^^^^^^^^^^^^^^^^^^^^^^^^
  File "C:\Users\Alex\PycharmProjects\python_django\.venv\Lib\site-packages\django\template\base.py", line 966, in render_annotated
    return self.render(context)
           ^^^^^^^^^^^^^^^^^^^^
  File "C:\Users\Alex\PycharmProjects\python_django\.venv\Lib\site-packages\django\template\defaulttags.py", line 238, in render
    nodelist.append(node.render_annotated(context))
                    ^^^^^^^^^^^^^^^^^^^^^^^^^^^^^^
  File "C:\Users\Alex\PycharmProjects\python_django\.venv\Lib\site-packages\django\template\base.py", line 966, in render_annotated
    return self.render(context)
           ^^^^^^^^^^^^^^^^^^^^
  File "C:\Users\Alex\PycharmProjects\python_django\.venv\Lib\site-packages\django\template\defaulttags.py", line 193, in render
    values = list(values)
             ^^^^^^^^^^^^
TypeError: 'ManyRelatedManager' object is not iterable
2025-01-14 16:37:00,312 [ERROR] django.request: Internal Server Error: /shop/users/1/orders/
Traceback (most recent call last):
  File "C:\Users\Alex\PycharmProjects\python_django\.venv\Lib\site-packages\django\core\handlers\exception.py", line 56, in inner
    response = get_response(request)
               ^^^^^^^^^^^^^^^^^^^^^
  File "C:\Users\Alex\PycharmProjects\python_django\.venv\Lib\site-packages\django\core\handlers\base.py", line 220, in _get_response
    response = response.render()
               ^^^^^^^^^^^^^^^^^
  File "C:\Users\Alex\PycharmProjects\python_django\.venv\Lib\site-packages\django\template\response.py", line 114, in render
    self.content = self.rendered_content
                   ^^^^^^^^^^^^^^^^^^^^^
  File "C:\Users\Alex\PycharmProjects\python_django\.venv\Lib\site-packages\django\template\response.py", line 92, in rendered_content
    return template.render(context, self._request)
           ^^^^^^^^^^^^^^^^^^^^^^^^^^^^^^^^^^^^^^^
  File "C:\Users\Alex\PycharmProjects\python_django\.venv\Lib\site-packages\django\template\backends\django.py", line 61, in render
    return self.template.render(context)
           ^^^^^^^^^^^^^^^^^^^^^^^^^^^^^
  File "C:\Users\Alex\PycharmProjects\python_django\.venv\Lib\site-packages\django\template\base.py", line 175, in render
    return self._render(context)
           ^^^^^^^^^^^^^^^^^^^^^
  File "C:\Users\Alex\PycharmProjects\python_django\.venv\Lib\site-packages\django\test\utils.py", line 111, in instrumented_test_render
    return self.nodelist.render(context)
           ^^^^^^^^^^^^^^^^^^^^^^^^^^^^^
  File "C:\Users\Alex\PycharmProjects\python_django\.venv\Lib\site-packages\django\template\base.py", line 1005, in render
    return SafeString("".join([node.render_annotated(context) for node in self]))
                              ^^^^^^^^^^^^^^^^^^^^^^^^^^^^^^^^^^^^^^^^^^^^^^^^^
  File "C:\Users\Alex\PycharmProjects\python_django\.venv\Lib\site-packages\django\template\base.py", line 1005, in <listcomp>
    return SafeString("".join([node.render_annotated(context) for node in self]))
                               ^^^^^^^^^^^^^^^^^^^^^^^^^^^^^^
  File "C:\Users\Alex\PycharmProjects\python_django\.venv\Lib\site-packages\django\template\base.py", line 966, in render_annotated
    return self.render(context)
           ^^^^^^^^^^^^^^^^^^^^
  File "C:\Users\Alex\PycharmProjects\python_django\.venv\Lib\site-packages\django\template\loader_tags.py", line 157, in render
    return compiled_parent._render(context)
           ^^^^^^^^^^^^^^^^^^^^^^^^^^^^^^^^
  File "C:\Users\Alex\PycharmProjects\python_django\.venv\Lib\site-packages\django\test\utils.py", line 111, in instrumented_test_render
    return self.nodelist.render(context)
           ^^^^^^^^^^^^^^^^^^^^^^^^^^^^^
  File "C:\Users\Alex\PycharmProjects\python_django\.venv\Lib\site-packages\django\template\base.py", line 1005, in render
    return SafeString("".join([node.render_annotated(context) for node in self]))
                              ^^^^^^^^^^^^^^^^^^^^^^^^^^^^^^^^^^^^^^^^^^^^^^^^^
  File "C:\Users\Alex\PycharmProjects\python_django\.venv\Lib\site-packages\django\template\base.py", line 1005, in <listcomp>
    return SafeString("".join([node.render_annotated(context) for node in self]))
                               ^^^^^^^^^^^^^^^^^^^^^^^^^^^^^^
  File "C:\Users\Alex\PycharmProjects\python_django\.venv\Lib\site-packages\django\template\base.py", line 966, in render_annotated
    return self.render(context)
           ^^^^^^^^^^^^^^^^^^^^
  File "C:\Users\Alex\PycharmProjects\python_django\.venv\Lib\site-packages\django\template\loader_tags.py", line 63, in render
    result = block.nodelist.render(context)
             ^^^^^^^^^^^^^^^^^^^^^^^^^^^^^^
  File "C:\Users\Alex\PycharmProjects\python_django\.venv\Lib\site-packages\django\template\base.py", line 1005, in render
    return SafeString("".join([node.render_annotated(context) for node in self]))
                              ^^^^^^^^^^^^^^^^^^^^^^^^^^^^^^^^^^^^^^^^^^^^^^^^^
  File "C:\Users\Alex\PycharmProjects\python_django\.venv\Lib\site-packages\django\template\base.py", line 1005, in <listcomp>
    return SafeString("".join([node.render_annotated(context) for node in self]))
                               ^^^^^^^^^^^^^^^^^^^^^^^^^^^^^^
  File "C:\Users\Alex\PycharmProjects\python_django\.venv\Lib\site-packages\django\template\base.py", line 966, in render_annotated
    return self.render(context)
           ^^^^^^^^^^^^^^^^^^^^
  File "C:\Users\Alex\PycharmProjects\python_django\.venv\Lib\site-packages\django\templatetags\cache.py", line 53, in render
    value = self.nodelist.render(context)
            ^^^^^^^^^^^^^^^^^^^^^^^^^^^^^
  File "C:\Users\Alex\PycharmProjects\python_django\.venv\Lib\site-packages\django\template\base.py", line 1005, in render
    return SafeString("".join([node.render_annotated(context) for node in self]))
                              ^^^^^^^^^^^^^^^^^^^^^^^^^^^^^^^^^^^^^^^^^^^^^^^^^
  File "C:\Users\Alex\PycharmProjects\python_django\.venv\Lib\site-packages\django\template\base.py", line 1005, in <listcomp>
    return SafeString("".join([node.render_annotated(context) for node in self]))
                               ^^^^^^^^^^^^^^^^^^^^^^^^^^^^^^
  File "C:\Users\Alex\PycharmProjects\python_django\.venv\Lib\site-packages\django\template\base.py", line 966, in render_annotated
    return self.render(context)
           ^^^^^^^^^^^^^^^^^^^^
  File "C:\Users\Alex\PycharmProjects\python_django\.venv\Lib\site-packages\django\template\defaulttags.py", line 321, in render
    return nodelist.render(context)
           ^^^^^^^^^^^^^^^^^^^^^^^^
  File "C:\Users\Alex\PycharmProjects\python_django\.venv\Lib\site-packages\django\template\base.py", line 1005, in render
    return SafeString("".join([node.render_annotated(context) for node in self]))
                              ^^^^^^^^^^^^^^^^^^^^^^^^^^^^^^^^^^^^^^^^^^^^^^^^^
  File "C:\Users\Alex\PycharmProjects\python_django\.venv\Lib\site-packages\django\template\base.py", line 1005, in <listcomp>
    return SafeString("".join([node.render_annotated(context) for node in self]))
                               ^^^^^^^^^^^^^^^^^^^^^^^^^^^^^^
  File "C:\Users\Alex\PycharmProjects\python_django\.venv\Lib\site-packages\django\template\base.py", line 966, in render_annotated
    return self.render(context)
           ^^^^^^^^^^^^^^^^^^^^
  File "C:\Users\Alex\PycharmProjects\python_django\.venv\Lib\site-packages\django\template\defaulttags.py", line 238, in render
    nodelist.append(node.render_annotated(context))
                    ^^^^^^^^^^^^^^^^^^^^^^^^^^^^^^
  File "C:\Users\Alex\PycharmProjects\python_django\.venv\Lib\site-packages\django\template\base.py", line 966, in render_annotated
    return self.render(context)
           ^^^^^^^^^^^^^^^^^^^^
  File "C:\Users\Alex\PycharmProjects\python_django\.venv\Lib\site-packages\django\template\defaulttags.py", line 193, in render
    values = list(values)
             ^^^^^^^^^^^^
TypeError: 'ManyRelatedManager' object is not iterable
2025-01-14 16:37:01,074 [ERROR] django.request: Internal Server Error: /shop/users/1/orders/
Traceback (most recent call last):
  File "C:\Users\Alex\PycharmProjects\python_django\.venv\Lib\site-packages\django\core\handlers\exception.py", line 56, in inner
    response = get_response(request)
               ^^^^^^^^^^^^^^^^^^^^^
  File "C:\Users\Alex\PycharmProjects\python_django\.venv\Lib\site-packages\django\core\handlers\base.py", line 220, in _get_response
    response = response.render()
               ^^^^^^^^^^^^^^^^^
  File "C:\Users\Alex\PycharmProjects\python_django\.venv\Lib\site-packages\django\template\response.py", line 114, in render
    self.content = self.rendered_content
                   ^^^^^^^^^^^^^^^^^^^^^
  File "C:\Users\Alex\PycharmProjects\python_django\.venv\Lib\site-packages\django\template\response.py", line 92, in rendered_content
    return template.render(context, self._request)
           ^^^^^^^^^^^^^^^^^^^^^^^^^^^^^^^^^^^^^^^
  File "C:\Users\Alex\PycharmProjects\python_django\.venv\Lib\site-packages\django\template\backends\django.py", line 61, in render
    return self.template.render(context)
           ^^^^^^^^^^^^^^^^^^^^^^^^^^^^^
  File "C:\Users\Alex\PycharmProjects\python_django\.venv\Lib\site-packages\django\template\base.py", line 175, in render
    return self._render(context)
           ^^^^^^^^^^^^^^^^^^^^^
  File "C:\Users\Alex\PycharmProjects\python_django\.venv\Lib\site-packages\django\test\utils.py", line 111, in instrumented_test_render
    return self.nodelist.render(context)
           ^^^^^^^^^^^^^^^^^^^^^^^^^^^^^
  File "C:\Users\Alex\PycharmProjects\python_django\.venv\Lib\site-packages\django\template\base.py", line 1005, in render
    return SafeString("".join([node.render_annotated(context) for node in self]))
                              ^^^^^^^^^^^^^^^^^^^^^^^^^^^^^^^^^^^^^^^^^^^^^^^^^
  File "C:\Users\Alex\PycharmProjects\python_django\.venv\Lib\site-packages\django\template\base.py", line 1005, in <listcomp>
    return SafeString("".join([node.render_annotated(context) for node in self]))
                               ^^^^^^^^^^^^^^^^^^^^^^^^^^^^^^
  File "C:\Users\Alex\PycharmProjects\python_django\.venv\Lib\site-packages\django\template\base.py", line 966, in render_annotated
    return self.render(context)
           ^^^^^^^^^^^^^^^^^^^^
  File "C:\Users\Alex\PycharmProjects\python_django\.venv\Lib\site-packages\django\template\loader_tags.py", line 157, in render
    return compiled_parent._render(context)
           ^^^^^^^^^^^^^^^^^^^^^^^^^^^^^^^^
  File "C:\Users\Alex\PycharmProjects\python_django\.venv\Lib\site-packages\django\test\utils.py", line 111, in instrumented_test_render
    return self.nodelist.render(context)
           ^^^^^^^^^^^^^^^^^^^^^^^^^^^^^
  File "C:\Users\Alex\PycharmProjects\python_django\.venv\Lib\site-packages\django\template\base.py", line 1005, in render
    return SafeString("".join([node.render_annotated(context) for node in self]))
                              ^^^^^^^^^^^^^^^^^^^^^^^^^^^^^^^^^^^^^^^^^^^^^^^^^
  File "C:\Users\Alex\PycharmProjects\python_django\.venv\Lib\site-packages\django\template\base.py", line 1005, in <listcomp>
    return SafeString("".join([node.render_annotated(context) for node in self]))
                               ^^^^^^^^^^^^^^^^^^^^^^^^^^^^^^
  File "C:\Users\Alex\PycharmProjects\python_django\.venv\Lib\site-packages\django\template\base.py", line 966, in render_annotated
    return self.render(context)
           ^^^^^^^^^^^^^^^^^^^^
  File "C:\Users\Alex\PycharmProjects\python_django\.venv\Lib\site-packages\django\template\loader_tags.py", line 63, in render
    result = block.nodelist.render(context)
             ^^^^^^^^^^^^^^^^^^^^^^^^^^^^^^
  File "C:\Users\Alex\PycharmProjects\python_django\.venv\Lib\site-packages\django\template\base.py", line 1005, in render
    return SafeString("".join([node.render_annotated(context) for node in self]))
                              ^^^^^^^^^^^^^^^^^^^^^^^^^^^^^^^^^^^^^^^^^^^^^^^^^
  File "C:\Users\Alex\PycharmProjects\python_django\.venv\Lib\site-packages\django\template\base.py", line 1005, in <listcomp>
    return SafeString("".join([node.render_annotated(context) for node in self]))
                               ^^^^^^^^^^^^^^^^^^^^^^^^^^^^^^
  File "C:\Users\Alex\PycharmProjects\python_django\.venv\Lib\site-packages\django\template\base.py", line 966, in render_annotated
    return self.render(context)
           ^^^^^^^^^^^^^^^^^^^^
  File "C:\Users\Alex\PycharmProjects\python_django\.venv\Lib\site-packages\django\templatetags\cache.py", line 53, in render
    value = self.nodelist.render(context)
            ^^^^^^^^^^^^^^^^^^^^^^^^^^^^^
  File "C:\Users\Alex\PycharmProjects\python_django\.venv\Lib\site-packages\django\template\base.py", line 1005, in render
    return SafeString("".join([node.render_annotated(context) for node in self]))
                              ^^^^^^^^^^^^^^^^^^^^^^^^^^^^^^^^^^^^^^^^^^^^^^^^^
  File "C:\Users\Alex\PycharmProjects\python_django\.venv\Lib\site-packages\django\template\base.py", line 1005, in <listcomp>
    return SafeString("".join([node.render_annotated(context) for node in self]))
                               ^^^^^^^^^^^^^^^^^^^^^^^^^^^^^^
  File "C:\Users\Alex\PycharmProjects\python_django\.venv\Lib\site-packages\django\template\base.py", line 966, in render_annotated
    return self.render(context)
           ^^^^^^^^^^^^^^^^^^^^
  File "C:\Users\Alex\PycharmProjects\python_django\.venv\Lib\site-packages\django\template\defaulttags.py", line 321, in render
    return nodelist.render(context)
           ^^^^^^^^^^^^^^^^^^^^^^^^
  File "C:\Users\Alex\PycharmProjects\python_django\.venv\Lib\site-packages\django\template\base.py", line 1005, in render
    return SafeString("".join([node.render_annotated(context) for node in self]))
                              ^^^^^^^^^^^^^^^^^^^^^^^^^^^^^^^^^^^^^^^^^^^^^^^^^
  File "C:\Users\Alex\PycharmProjects\python_django\.venv\Lib\site-packages\django\template\base.py", line 1005, in <listcomp>
    return SafeString("".join([node.render_annotated(context) for node in self]))
                               ^^^^^^^^^^^^^^^^^^^^^^^^^^^^^^
  File "C:\Users\Alex\PycharmProjects\python_django\.venv\Lib\site-packages\django\template\base.py", line 966, in render_annotated
    return self.render(context)
           ^^^^^^^^^^^^^^^^^^^^
  File "C:\Users\Alex\PycharmProjects\python_django\.venv\Lib\site-packages\django\template\defaulttags.py", line 238, in render
    nodelist.append(node.render_annotated(context))
                    ^^^^^^^^^^^^^^^^^^^^^^^^^^^^^^
  File "C:\Users\Alex\PycharmProjects\python_django\.venv\Lib\site-packages\django\template\base.py", line 966, in render_annotated
    return self.render(context)
           ^^^^^^^^^^^^^^^^^^^^
  File "C:\Users\Alex\PycharmProjects\python_django\.venv\Lib\site-packages\django\template\defaulttags.py", line 193, in render
    values = list(values)
             ^^^^^^^^^^^^
TypeError: 'ManyRelatedManager' object is not iterable
2025-01-14 16:39:34,451 [INFO] django.utils.autoreload: C:\Users\Alex\PycharmProjects\python_django\Django_Cache\mysite\shopapp\views.py changed, reloading.
2025-01-14 16:39:35,330 [INFO] django.utils.autoreload: Watching for file changes with StatReloader
2025-01-14 16:39:36,174 [ERROR] django.request: Internal Server Error: /shop/users/1/orders/
Traceback (most recent call last):
  File "C:\Users\Alex\PycharmProjects\python_django\.venv\Lib\site-packages\django\core\handlers\exception.py", line 56, in inner
    response = get_response(request)
               ^^^^^^^^^^^^^^^^^^^^^
  File "C:\Users\Alex\PycharmProjects\python_django\.venv\Lib\site-packages\django\core\handlers\base.py", line 220, in _get_response
    response = response.render()
               ^^^^^^^^^^^^^^^^^
  File "C:\Users\Alex\PycharmProjects\python_django\.venv\Lib\site-packages\django\template\response.py", line 114, in render
    self.content = self.rendered_content
                   ^^^^^^^^^^^^^^^^^^^^^
  File "C:\Users\Alex\PycharmProjects\python_django\.venv\Lib\site-packages\django\template\response.py", line 92, in rendered_content
    return template.render(context, self._request)
           ^^^^^^^^^^^^^^^^^^^^^^^^^^^^^^^^^^^^^^^
  File "C:\Users\Alex\PycharmProjects\python_django\.venv\Lib\site-packages\django\template\backends\django.py", line 61, in render
    return self.template.render(context)
           ^^^^^^^^^^^^^^^^^^^^^^^^^^^^^
  File "C:\Users\Alex\PycharmProjects\python_django\.venv\Lib\site-packages\django\template\base.py", line 175, in render
    return self._render(context)
           ^^^^^^^^^^^^^^^^^^^^^
  File "C:\Users\Alex\PycharmProjects\python_django\.venv\Lib\site-packages\django\test\utils.py", line 111, in instrumented_test_render
    return self.nodelist.render(context)
           ^^^^^^^^^^^^^^^^^^^^^^^^^^^^^
  File "C:\Users\Alex\PycharmProjects\python_django\.venv\Lib\site-packages\django\template\base.py", line 1005, in render
    return SafeString("".join([node.render_annotated(context) for node in self]))
                              ^^^^^^^^^^^^^^^^^^^^^^^^^^^^^^^^^^^^^^^^^^^^^^^^^
  File "C:\Users\Alex\PycharmProjects\python_django\.venv\Lib\site-packages\django\template\base.py", line 1005, in <listcomp>
    return SafeString("".join([node.render_annotated(context) for node in self]))
                               ^^^^^^^^^^^^^^^^^^^^^^^^^^^^^^
  File "C:\Users\Alex\PycharmProjects\python_django\.venv\Lib\site-packages\django\template\base.py", line 966, in render_annotated
    return self.render(context)
           ^^^^^^^^^^^^^^^^^^^^
  File "C:\Users\Alex\PycharmProjects\python_django\.venv\Lib\site-packages\django\template\loader_tags.py", line 157, in render
    return compiled_parent._render(context)
           ^^^^^^^^^^^^^^^^^^^^^^^^^^^^^^^^
  File "C:\Users\Alex\PycharmProjects\python_django\.venv\Lib\site-packages\django\test\utils.py", line 111, in instrumented_test_render
    return self.nodelist.render(context)
           ^^^^^^^^^^^^^^^^^^^^^^^^^^^^^
  File "C:\Users\Alex\PycharmProjects\python_django\.venv\Lib\site-packages\django\template\base.py", line 1005, in render
    return SafeString("".join([node.render_annotated(context) for node in self]))
                              ^^^^^^^^^^^^^^^^^^^^^^^^^^^^^^^^^^^^^^^^^^^^^^^^^
  File "C:\Users\Alex\PycharmProjects\python_django\.venv\Lib\site-packages\django\template\base.py", line 1005, in <listcomp>
    return SafeString("".join([node.render_annotated(context) for node in self]))
                               ^^^^^^^^^^^^^^^^^^^^^^^^^^^^^^
  File "C:\Users\Alex\PycharmProjects\python_django\.venv\Lib\site-packages\django\template\base.py", line 966, in render_annotated
    return self.render(context)
           ^^^^^^^^^^^^^^^^^^^^
  File "C:\Users\Alex\PycharmProjects\python_django\.venv\Lib\site-packages\django\template\loader_tags.py", line 63, in render
    result = block.nodelist.render(context)
             ^^^^^^^^^^^^^^^^^^^^^^^^^^^^^^
  File "C:\Users\Alex\PycharmProjects\python_django\.venv\Lib\site-packages\django\template\base.py", line 1005, in render
    return SafeString("".join([node.render_annotated(context) for node in self]))
                              ^^^^^^^^^^^^^^^^^^^^^^^^^^^^^^^^^^^^^^^^^^^^^^^^^
  File "C:\Users\Alex\PycharmProjects\python_django\.venv\Lib\site-packages\django\template\base.py", line 1005, in <listcomp>
    return SafeString("".join([node.render_annotated(context) for node in self]))
                               ^^^^^^^^^^^^^^^^^^^^^^^^^^^^^^
  File "C:\Users\Alex\PycharmProjects\python_django\.venv\Lib\site-packages\django\template\base.py", line 966, in render_annotated
    return self.render(context)
           ^^^^^^^^^^^^^^^^^^^^
  File "C:\Users\Alex\PycharmProjects\python_django\.venv\Lib\site-packages\django\templatetags\cache.py", line 53, in render
    value = self.nodelist.render(context)
            ^^^^^^^^^^^^^^^^^^^^^^^^^^^^^
  File "C:\Users\Alex\PycharmProjects\python_django\.venv\Lib\site-packages\django\template\base.py", line 1005, in render
    return SafeString("".join([node.render_annotated(context) for node in self]))
                              ^^^^^^^^^^^^^^^^^^^^^^^^^^^^^^^^^^^^^^^^^^^^^^^^^
  File "C:\Users\Alex\PycharmProjects\python_django\.venv\Lib\site-packages\django\template\base.py", line 1005, in <listcomp>
    return SafeString("".join([node.render_annotated(context) for node in self]))
                               ^^^^^^^^^^^^^^^^^^^^^^^^^^^^^^
  File "C:\Users\Alex\PycharmProjects\python_django\.venv\Lib\site-packages\django\template\base.py", line 966, in render_annotated
    return self.render(context)
           ^^^^^^^^^^^^^^^^^^^^
  File "C:\Users\Alex\PycharmProjects\python_django\.venv\Lib\site-packages\django\template\defaulttags.py", line 321, in render
    return nodelist.render(context)
           ^^^^^^^^^^^^^^^^^^^^^^^^
  File "C:\Users\Alex\PycharmProjects\python_django\.venv\Lib\site-packages\django\template\base.py", line 1005, in render
    return SafeString("".join([node.render_annotated(context) for node in self]))
                              ^^^^^^^^^^^^^^^^^^^^^^^^^^^^^^^^^^^^^^^^^^^^^^^^^
  File "C:\Users\Alex\PycharmProjects\python_django\.venv\Lib\site-packages\django\template\base.py", line 1005, in <listcomp>
    return SafeString("".join([node.render_annotated(context) for node in self]))
                               ^^^^^^^^^^^^^^^^^^^^^^^^^^^^^^
  File "C:\Users\Alex\PycharmProjects\python_django\.venv\Lib\site-packages\django\template\base.py", line 966, in render_annotated
    return self.render(context)
           ^^^^^^^^^^^^^^^^^^^^
  File "C:\Users\Alex\PycharmProjects\python_django\.venv\Lib\site-packages\django\template\defaulttags.py", line 238, in render
    nodelist.append(node.render_annotated(context))
                    ^^^^^^^^^^^^^^^^^^^^^^^^^^^^^^
  File "C:\Users\Alex\PycharmProjects\python_django\.venv\Lib\site-packages\django\template\base.py", line 966, in render_annotated
    return self.render(context)
           ^^^^^^^^^^^^^^^^^^^^
  File "C:\Users\Alex\PycharmProjects\python_django\.venv\Lib\site-packages\django\template\defaulttags.py", line 193, in render
    values = list(values)
             ^^^^^^^^^^^^
TypeError: 'ManyRelatedManager' object is not iterable
2025-01-14 16:39:38,696 [ERROR] django.request: Internal Server Error: /shop/users/1/orders/
Traceback (most recent call last):
  File "C:\Users\Alex\PycharmProjects\python_django\.venv\Lib\site-packages\django\core\handlers\exception.py", line 56, in inner
    response = get_response(request)
               ^^^^^^^^^^^^^^^^^^^^^
  File "C:\Users\Alex\PycharmProjects\python_django\.venv\Lib\site-packages\django\core\handlers\base.py", line 220, in _get_response
    response = response.render()
               ^^^^^^^^^^^^^^^^^
  File "C:\Users\Alex\PycharmProjects\python_django\.venv\Lib\site-packages\django\template\response.py", line 114, in render
    self.content = self.rendered_content
                   ^^^^^^^^^^^^^^^^^^^^^
  File "C:\Users\Alex\PycharmProjects\python_django\.venv\Lib\site-packages\django\template\response.py", line 92, in rendered_content
    return template.render(context, self._request)
           ^^^^^^^^^^^^^^^^^^^^^^^^^^^^^^^^^^^^^^^
  File "C:\Users\Alex\PycharmProjects\python_django\.venv\Lib\site-packages\django\template\backends\django.py", line 61, in render
    return self.template.render(context)
           ^^^^^^^^^^^^^^^^^^^^^^^^^^^^^
  File "C:\Users\Alex\PycharmProjects\python_django\.venv\Lib\site-packages\django\template\base.py", line 175, in render
    return self._render(context)
           ^^^^^^^^^^^^^^^^^^^^^
  File "C:\Users\Alex\PycharmProjects\python_django\.venv\Lib\site-packages\django\test\utils.py", line 111, in instrumented_test_render
    return self.nodelist.render(context)
           ^^^^^^^^^^^^^^^^^^^^^^^^^^^^^
  File "C:\Users\Alex\PycharmProjects\python_django\.venv\Lib\site-packages\django\template\base.py", line 1005, in render
    return SafeString("".join([node.render_annotated(context) for node in self]))
                              ^^^^^^^^^^^^^^^^^^^^^^^^^^^^^^^^^^^^^^^^^^^^^^^^^
  File "C:\Users\Alex\PycharmProjects\python_django\.venv\Lib\site-packages\django\template\base.py", line 1005, in <listcomp>
    return SafeString("".join([node.render_annotated(context) for node in self]))
                               ^^^^^^^^^^^^^^^^^^^^^^^^^^^^^^
  File "C:\Users\Alex\PycharmProjects\python_django\.venv\Lib\site-packages\django\template\base.py", line 966, in render_annotated
    return self.render(context)
           ^^^^^^^^^^^^^^^^^^^^
  File "C:\Users\Alex\PycharmProjects\python_django\.venv\Lib\site-packages\django\template\loader_tags.py", line 157, in render
    return compiled_parent._render(context)
           ^^^^^^^^^^^^^^^^^^^^^^^^^^^^^^^^
  File "C:\Users\Alex\PycharmProjects\python_django\.venv\Lib\site-packages\django\test\utils.py", line 111, in instrumented_test_render
    return self.nodelist.render(context)
           ^^^^^^^^^^^^^^^^^^^^^^^^^^^^^
  File "C:\Users\Alex\PycharmProjects\python_django\.venv\Lib\site-packages\django\template\base.py", line 1005, in render
    return SafeString("".join([node.render_annotated(context) for node in self]))
                              ^^^^^^^^^^^^^^^^^^^^^^^^^^^^^^^^^^^^^^^^^^^^^^^^^
  File "C:\Users\Alex\PycharmProjects\python_django\.venv\Lib\site-packages\django\template\base.py", line 1005, in <listcomp>
    return SafeString("".join([node.render_annotated(context) for node in self]))
                               ^^^^^^^^^^^^^^^^^^^^^^^^^^^^^^
  File "C:\Users\Alex\PycharmProjects\python_django\.venv\Lib\site-packages\django\template\base.py", line 966, in render_annotated
    return self.render(context)
           ^^^^^^^^^^^^^^^^^^^^
  File "C:\Users\Alex\PycharmProjects\python_django\.venv\Lib\site-packages\django\template\loader_tags.py", line 63, in render
    result = block.nodelist.render(context)
             ^^^^^^^^^^^^^^^^^^^^^^^^^^^^^^
  File "C:\Users\Alex\PycharmProjects\python_django\.venv\Lib\site-packages\django\template\base.py", line 1005, in render
    return SafeString("".join([node.render_annotated(context) for node in self]))
                              ^^^^^^^^^^^^^^^^^^^^^^^^^^^^^^^^^^^^^^^^^^^^^^^^^
  File "C:\Users\Alex\PycharmProjects\python_django\.venv\Lib\site-packages\django\template\base.py", line 1005, in <listcomp>
    return SafeString("".join([node.render_annotated(context) for node in self]))
                               ^^^^^^^^^^^^^^^^^^^^^^^^^^^^^^
  File "C:\Users\Alex\PycharmProjects\python_django\.venv\Lib\site-packages\django\template\base.py", line 966, in render_annotated
    return self.render(context)
           ^^^^^^^^^^^^^^^^^^^^
  File "C:\Users\Alex\PycharmProjects\python_django\.venv\Lib\site-packages\django\templatetags\cache.py", line 53, in render
    value = self.nodelist.render(context)
            ^^^^^^^^^^^^^^^^^^^^^^^^^^^^^
  File "C:\Users\Alex\PycharmProjects\python_django\.venv\Lib\site-packages\django\template\base.py", line 1005, in render
    return SafeString("".join([node.render_annotated(context) for node in self]))
                              ^^^^^^^^^^^^^^^^^^^^^^^^^^^^^^^^^^^^^^^^^^^^^^^^^
  File "C:\Users\Alex\PycharmProjects\python_django\.venv\Lib\site-packages\django\template\base.py", line 1005, in <listcomp>
    return SafeString("".join([node.render_annotated(context) for node in self]))
                               ^^^^^^^^^^^^^^^^^^^^^^^^^^^^^^
  File "C:\Users\Alex\PycharmProjects\python_django\.venv\Lib\site-packages\django\template\base.py", line 966, in render_annotated
    return self.render(context)
           ^^^^^^^^^^^^^^^^^^^^
  File "C:\Users\Alex\PycharmProjects\python_django\.venv\Lib\site-packages\django\template\defaulttags.py", line 321, in render
    return nodelist.render(context)
           ^^^^^^^^^^^^^^^^^^^^^^^^
  File "C:\Users\Alex\PycharmProjects\python_django\.venv\Lib\site-packages\django\template\base.py", line 1005, in render
    return SafeString("".join([node.render_annotated(context) for node in self]))
                              ^^^^^^^^^^^^^^^^^^^^^^^^^^^^^^^^^^^^^^^^^^^^^^^^^
  File "C:\Users\Alex\PycharmProjects\python_django\.venv\Lib\site-packages\django\template\base.py", line 1005, in <listcomp>
    return SafeString("".join([node.render_annotated(context) for node in self]))
                               ^^^^^^^^^^^^^^^^^^^^^^^^^^^^^^
  File "C:\Users\Alex\PycharmProjects\python_django\.venv\Lib\site-packages\django\template\base.py", line 966, in render_annotated
    return self.render(context)
           ^^^^^^^^^^^^^^^^^^^^
  File "C:\Users\Alex\PycharmProjects\python_django\.venv\Lib\site-packages\django\template\defaulttags.py", line 238, in render
    nodelist.append(node.render_annotated(context))
                    ^^^^^^^^^^^^^^^^^^^^^^^^^^^^^^
  File "C:\Users\Alex\PycharmProjects\python_django\.venv\Lib\site-packages\django\template\base.py", line 966, in render_annotated
    return self.render(context)
           ^^^^^^^^^^^^^^^^^^^^
  File "C:\Users\Alex\PycharmProjects\python_django\.venv\Lib\site-packages\django\template\defaulttags.py", line 193, in render
    values = list(values)
             ^^^^^^^^^^^^
TypeError: 'ManyRelatedManager' object is not iterable
2025-01-14 16:39:46,997 [INFO] django.utils.autoreload: Watching for file changes with StatReloader
2025-01-14 16:39:49,251 [ERROR] django.request: Internal Server Error: /shop/users/1/orders/
Traceback (most recent call last):
  File "C:\Users\Alex\PycharmProjects\python_django\.venv\Lib\site-packages\django\core\handlers\exception.py", line 56, in inner
    response = get_response(request)
               ^^^^^^^^^^^^^^^^^^^^^
  File "C:\Users\Alex\PycharmProjects\python_django\.venv\Lib\site-packages\django\core\handlers\base.py", line 220, in _get_response
    response = response.render()
               ^^^^^^^^^^^^^^^^^
  File "C:\Users\Alex\PycharmProjects\python_django\.venv\Lib\site-packages\django\template\response.py", line 114, in render
    self.content = self.rendered_content
                   ^^^^^^^^^^^^^^^^^^^^^
  File "C:\Users\Alex\PycharmProjects\python_django\.venv\Lib\site-packages\django\template\response.py", line 92, in rendered_content
    return template.render(context, self._request)
           ^^^^^^^^^^^^^^^^^^^^^^^^^^^^^^^^^^^^^^^
  File "C:\Users\Alex\PycharmProjects\python_django\.venv\Lib\site-packages\django\template\backends\django.py", line 61, in render
    return self.template.render(context)
           ^^^^^^^^^^^^^^^^^^^^^^^^^^^^^
  File "C:\Users\Alex\PycharmProjects\python_django\.venv\Lib\site-packages\django\template\base.py", line 175, in render
    return self._render(context)
           ^^^^^^^^^^^^^^^^^^^^^
  File "C:\Users\Alex\PycharmProjects\python_django\.venv\Lib\site-packages\django\test\utils.py", line 111, in instrumented_test_render
    return self.nodelist.render(context)
           ^^^^^^^^^^^^^^^^^^^^^^^^^^^^^
  File "C:\Users\Alex\PycharmProjects\python_django\.venv\Lib\site-packages\django\template\base.py", line 1005, in render
    return SafeString("".join([node.render_annotated(context) for node in self]))
                              ^^^^^^^^^^^^^^^^^^^^^^^^^^^^^^^^^^^^^^^^^^^^^^^^^
  File "C:\Users\Alex\PycharmProjects\python_django\.venv\Lib\site-packages\django\template\base.py", line 1005, in <listcomp>
    return SafeString("".join([node.render_annotated(context) for node in self]))
                               ^^^^^^^^^^^^^^^^^^^^^^^^^^^^^^
  File "C:\Users\Alex\PycharmProjects\python_django\.venv\Lib\site-packages\django\template\base.py", line 966, in render_annotated
    return self.render(context)
           ^^^^^^^^^^^^^^^^^^^^
  File "C:\Users\Alex\PycharmProjects\python_django\.venv\Lib\site-packages\django\template\loader_tags.py", line 157, in render
    return compiled_parent._render(context)
           ^^^^^^^^^^^^^^^^^^^^^^^^^^^^^^^^
  File "C:\Users\Alex\PycharmProjects\python_django\.venv\Lib\site-packages\django\test\utils.py", line 111, in instrumented_test_render
    return self.nodelist.render(context)
           ^^^^^^^^^^^^^^^^^^^^^^^^^^^^^
  File "C:\Users\Alex\PycharmProjects\python_django\.venv\Lib\site-packages\django\template\base.py", line 1005, in render
    return SafeString("".join([node.render_annotated(context) for node in self]))
                              ^^^^^^^^^^^^^^^^^^^^^^^^^^^^^^^^^^^^^^^^^^^^^^^^^
  File "C:\Users\Alex\PycharmProjects\python_django\.venv\Lib\site-packages\django\template\base.py", line 1005, in <listcomp>
    return SafeString("".join([node.render_annotated(context) for node in self]))
                               ^^^^^^^^^^^^^^^^^^^^^^^^^^^^^^
  File "C:\Users\Alex\PycharmProjects\python_django\.venv\Lib\site-packages\django\template\base.py", line 966, in render_annotated
    return self.render(context)
           ^^^^^^^^^^^^^^^^^^^^
  File "C:\Users\Alex\PycharmProjects\python_django\.venv\Lib\site-packages\django\template\loader_tags.py", line 63, in render
    result = block.nodelist.render(context)
             ^^^^^^^^^^^^^^^^^^^^^^^^^^^^^^
  File "C:\Users\Alex\PycharmProjects\python_django\.venv\Lib\site-packages\django\template\base.py", line 1005, in render
    return SafeString("".join([node.render_annotated(context) for node in self]))
                              ^^^^^^^^^^^^^^^^^^^^^^^^^^^^^^^^^^^^^^^^^^^^^^^^^
  File "C:\Users\Alex\PycharmProjects\python_django\.venv\Lib\site-packages\django\template\base.py", line 1005, in <listcomp>
    return SafeString("".join([node.render_annotated(context) for node in self]))
                               ^^^^^^^^^^^^^^^^^^^^^^^^^^^^^^
  File "C:\Users\Alex\PycharmProjects\python_django\.venv\Lib\site-packages\django\template\base.py", line 966, in render_annotated
    return self.render(context)
           ^^^^^^^^^^^^^^^^^^^^
  File "C:\Users\Alex\PycharmProjects\python_django\.venv\Lib\site-packages\django\templatetags\cache.py", line 53, in render
    value = self.nodelist.render(context)
            ^^^^^^^^^^^^^^^^^^^^^^^^^^^^^
  File "C:\Users\Alex\PycharmProjects\python_django\.venv\Lib\site-packages\django\template\base.py", line 1005, in render
    return SafeString("".join([node.render_annotated(context) for node in self]))
                              ^^^^^^^^^^^^^^^^^^^^^^^^^^^^^^^^^^^^^^^^^^^^^^^^^
  File "C:\Users\Alex\PycharmProjects\python_django\.venv\Lib\site-packages\django\template\base.py", line 1005, in <listcomp>
    return SafeString("".join([node.render_annotated(context) for node in self]))
                               ^^^^^^^^^^^^^^^^^^^^^^^^^^^^^^
  File "C:\Users\Alex\PycharmProjects\python_django\.venv\Lib\site-packages\django\template\base.py", line 966, in render_annotated
    return self.render(context)
           ^^^^^^^^^^^^^^^^^^^^
  File "C:\Users\Alex\PycharmProjects\python_django\.venv\Lib\site-packages\django\template\defaulttags.py", line 321, in render
    return nodelist.render(context)
           ^^^^^^^^^^^^^^^^^^^^^^^^
  File "C:\Users\Alex\PycharmProjects\python_django\.venv\Lib\site-packages\django\template\base.py", line 1005, in render
    return SafeString("".join([node.render_annotated(context) for node in self]))
                              ^^^^^^^^^^^^^^^^^^^^^^^^^^^^^^^^^^^^^^^^^^^^^^^^^
  File "C:\Users\Alex\PycharmProjects\python_django\.venv\Lib\site-packages\django\template\base.py", line 1005, in <listcomp>
    return SafeString("".join([node.render_annotated(context) for node in self]))
                               ^^^^^^^^^^^^^^^^^^^^^^^^^^^^^^
  File "C:\Users\Alex\PycharmProjects\python_django\.venv\Lib\site-packages\django\template\base.py", line 966, in render_annotated
    return self.render(context)
           ^^^^^^^^^^^^^^^^^^^^
  File "C:\Users\Alex\PycharmProjects\python_django\.venv\Lib\site-packages\django\template\defaulttags.py", line 238, in render
    nodelist.append(node.render_annotated(context))
                    ^^^^^^^^^^^^^^^^^^^^^^^^^^^^^^
  File "C:\Users\Alex\PycharmProjects\python_django\.venv\Lib\site-packages\django\template\base.py", line 966, in render_annotated
    return self.render(context)
           ^^^^^^^^^^^^^^^^^^^^
  File "C:\Users\Alex\PycharmProjects\python_django\.venv\Lib\site-packages\django\template\defaulttags.py", line 193, in render
    values = list(values)
             ^^^^^^^^^^^^
TypeError: 'ManyRelatedManager' object is not iterable
2025-01-14 16:39:50,624 [ERROR] django.request: Internal Server Error: /shop/users/1/orders/
Traceback (most recent call last):
  File "C:\Users\Alex\PycharmProjects\python_django\.venv\Lib\site-packages\django\core\handlers\exception.py", line 56, in inner
    response = get_response(request)
               ^^^^^^^^^^^^^^^^^^^^^
  File "C:\Users\Alex\PycharmProjects\python_django\.venv\Lib\site-packages\django\core\handlers\base.py", line 220, in _get_response
    response = response.render()
               ^^^^^^^^^^^^^^^^^
  File "C:\Users\Alex\PycharmProjects\python_django\.venv\Lib\site-packages\django\template\response.py", line 114, in render
    self.content = self.rendered_content
                   ^^^^^^^^^^^^^^^^^^^^^
  File "C:\Users\Alex\PycharmProjects\python_django\.venv\Lib\site-packages\django\template\response.py", line 92, in rendered_content
    return template.render(context, self._request)
           ^^^^^^^^^^^^^^^^^^^^^^^^^^^^^^^^^^^^^^^
  File "C:\Users\Alex\PycharmProjects\python_django\.venv\Lib\site-packages\django\template\backends\django.py", line 61, in render
    return self.template.render(context)
           ^^^^^^^^^^^^^^^^^^^^^^^^^^^^^
  File "C:\Users\Alex\PycharmProjects\python_django\.venv\Lib\site-packages\django\template\base.py", line 175, in render
    return self._render(context)
           ^^^^^^^^^^^^^^^^^^^^^
  File "C:\Users\Alex\PycharmProjects\python_django\.venv\Lib\site-packages\django\test\utils.py", line 111, in instrumented_test_render
    return self.nodelist.render(context)
           ^^^^^^^^^^^^^^^^^^^^^^^^^^^^^
  File "C:\Users\Alex\PycharmProjects\python_django\.venv\Lib\site-packages\django\template\base.py", line 1005, in render
    return SafeString("".join([node.render_annotated(context) for node in self]))
                              ^^^^^^^^^^^^^^^^^^^^^^^^^^^^^^^^^^^^^^^^^^^^^^^^^
  File "C:\Users\Alex\PycharmProjects\python_django\.venv\Lib\site-packages\django\template\base.py", line 1005, in <listcomp>
    return SafeString("".join([node.render_annotated(context) for node in self]))
                               ^^^^^^^^^^^^^^^^^^^^^^^^^^^^^^
  File "C:\Users\Alex\PycharmProjects\python_django\.venv\Lib\site-packages\django\template\base.py", line 966, in render_annotated
    return self.render(context)
           ^^^^^^^^^^^^^^^^^^^^
  File "C:\Users\Alex\PycharmProjects\python_django\.venv\Lib\site-packages\django\template\loader_tags.py", line 157, in render
    return compiled_parent._render(context)
           ^^^^^^^^^^^^^^^^^^^^^^^^^^^^^^^^
  File "C:\Users\Alex\PycharmProjects\python_django\.venv\Lib\site-packages\django\test\utils.py", line 111, in instrumented_test_render
    return self.nodelist.render(context)
           ^^^^^^^^^^^^^^^^^^^^^^^^^^^^^
  File "C:\Users\Alex\PycharmProjects\python_django\.venv\Lib\site-packages\django\template\base.py", line 1005, in render
    return SafeString("".join([node.render_annotated(context) for node in self]))
                              ^^^^^^^^^^^^^^^^^^^^^^^^^^^^^^^^^^^^^^^^^^^^^^^^^
  File "C:\Users\Alex\PycharmProjects\python_django\.venv\Lib\site-packages\django\template\base.py", line 1005, in <listcomp>
    return SafeString("".join([node.render_annotated(context) for node in self]))
                               ^^^^^^^^^^^^^^^^^^^^^^^^^^^^^^
  File "C:\Users\Alex\PycharmProjects\python_django\.venv\Lib\site-packages\django\template\base.py", line 966, in render_annotated
    return self.render(context)
           ^^^^^^^^^^^^^^^^^^^^
  File "C:\Users\Alex\PycharmProjects\python_django\.venv\Lib\site-packages\django\template\loader_tags.py", line 63, in render
    result = block.nodelist.render(context)
             ^^^^^^^^^^^^^^^^^^^^^^^^^^^^^^
  File "C:\Users\Alex\PycharmProjects\python_django\.venv\Lib\site-packages\django\template\base.py", line 1005, in render
    return SafeString("".join([node.render_annotated(context) for node in self]))
                              ^^^^^^^^^^^^^^^^^^^^^^^^^^^^^^^^^^^^^^^^^^^^^^^^^
  File "C:\Users\Alex\PycharmProjects\python_django\.venv\Lib\site-packages\django\template\base.py", line 1005, in <listcomp>
    return SafeString("".join([node.render_annotated(context) for node in self]))
                               ^^^^^^^^^^^^^^^^^^^^^^^^^^^^^^
  File "C:\Users\Alex\PycharmProjects\python_django\.venv\Lib\site-packages\django\template\base.py", line 966, in render_annotated
    return self.render(context)
           ^^^^^^^^^^^^^^^^^^^^
  File "C:\Users\Alex\PycharmProjects\python_django\.venv\Lib\site-packages\django\templatetags\cache.py", line 53, in render
    value = self.nodelist.render(context)
            ^^^^^^^^^^^^^^^^^^^^^^^^^^^^^
  File "C:\Users\Alex\PycharmProjects\python_django\.venv\Lib\site-packages\django\template\base.py", line 1005, in render
    return SafeString("".join([node.render_annotated(context) for node in self]))
                              ^^^^^^^^^^^^^^^^^^^^^^^^^^^^^^^^^^^^^^^^^^^^^^^^^
  File "C:\Users\Alex\PycharmProjects\python_django\.venv\Lib\site-packages\django\template\base.py", line 1005, in <listcomp>
    return SafeString("".join([node.render_annotated(context) for node in self]))
                               ^^^^^^^^^^^^^^^^^^^^^^^^^^^^^^
  File "C:\Users\Alex\PycharmProjects\python_django\.venv\Lib\site-packages\django\template\base.py", line 966, in render_annotated
    return self.render(context)
           ^^^^^^^^^^^^^^^^^^^^
  File "C:\Users\Alex\PycharmProjects\python_django\.venv\Lib\site-packages\django\template\defaulttags.py", line 321, in render
    return nodelist.render(context)
           ^^^^^^^^^^^^^^^^^^^^^^^^
  File "C:\Users\Alex\PycharmProjects\python_django\.venv\Lib\site-packages\django\template\base.py", line 1005, in render
    return SafeString("".join([node.render_annotated(context) for node in self]))
                              ^^^^^^^^^^^^^^^^^^^^^^^^^^^^^^^^^^^^^^^^^^^^^^^^^
  File "C:\Users\Alex\PycharmProjects\python_django\.venv\Lib\site-packages\django\template\base.py", line 1005, in <listcomp>
    return SafeString("".join([node.render_annotated(context) for node in self]))
                               ^^^^^^^^^^^^^^^^^^^^^^^^^^^^^^
  File "C:\Users\Alex\PycharmProjects\python_django\.venv\Lib\site-packages\django\template\base.py", line 966, in render_annotated
    return self.render(context)
           ^^^^^^^^^^^^^^^^^^^^
  File "C:\Users\Alex\PycharmProjects\python_django\.venv\Lib\site-packages\django\template\defaulttags.py", line 238, in render
    nodelist.append(node.render_annotated(context))
                    ^^^^^^^^^^^^^^^^^^^^^^^^^^^^^^
  File "C:\Users\Alex\PycharmProjects\python_django\.venv\Lib\site-packages\django\template\base.py", line 966, in render_annotated
    return self.render(context)
           ^^^^^^^^^^^^^^^^^^^^
  File "C:\Users\Alex\PycharmProjects\python_django\.venv\Lib\site-packages\django\template\defaulttags.py", line 193, in render
    values = list(values)
             ^^^^^^^^^^^^
TypeError: 'ManyRelatedManager' object is not iterable
2025-01-14 16:39:57,321 [ERROR] django.request: Internal Server Error: /shop/users/1/orders/
Traceback (most recent call last):
  File "C:\Users\Alex\PycharmProjects\python_django\.venv\Lib\site-packages\django\core\handlers\exception.py", line 56, in inner
    response = get_response(request)
               ^^^^^^^^^^^^^^^^^^^^^
  File "C:\Users\Alex\PycharmProjects\python_django\.venv\Lib\site-packages\django\core\handlers\base.py", line 220, in _get_response
    response = response.render()
               ^^^^^^^^^^^^^^^^^
  File "C:\Users\Alex\PycharmProjects\python_django\.venv\Lib\site-packages\django\template\response.py", line 114, in render
    self.content = self.rendered_content
                   ^^^^^^^^^^^^^^^^^^^^^
  File "C:\Users\Alex\PycharmProjects\python_django\.venv\Lib\site-packages\django\template\response.py", line 92, in rendered_content
    return template.render(context, self._request)
           ^^^^^^^^^^^^^^^^^^^^^^^^^^^^^^^^^^^^^^^
  File "C:\Users\Alex\PycharmProjects\python_django\.venv\Lib\site-packages\django\template\backends\django.py", line 61, in render
    return self.template.render(context)
           ^^^^^^^^^^^^^^^^^^^^^^^^^^^^^
  File "C:\Users\Alex\PycharmProjects\python_django\.venv\Lib\site-packages\django\template\base.py", line 175, in render
    return self._render(context)
           ^^^^^^^^^^^^^^^^^^^^^
  File "C:\Users\Alex\PycharmProjects\python_django\.venv\Lib\site-packages\django\test\utils.py", line 111, in instrumented_test_render
    return self.nodelist.render(context)
           ^^^^^^^^^^^^^^^^^^^^^^^^^^^^^
  File "C:\Users\Alex\PycharmProjects\python_django\.venv\Lib\site-packages\django\template\base.py", line 1005, in render
    return SafeString("".join([node.render_annotated(context) for node in self]))
                              ^^^^^^^^^^^^^^^^^^^^^^^^^^^^^^^^^^^^^^^^^^^^^^^^^
  File "C:\Users\Alex\PycharmProjects\python_django\.venv\Lib\site-packages\django\template\base.py", line 1005, in <listcomp>
    return SafeString("".join([node.render_annotated(context) for node in self]))
                               ^^^^^^^^^^^^^^^^^^^^^^^^^^^^^^
  File "C:\Users\Alex\PycharmProjects\python_django\.venv\Lib\site-packages\django\template\base.py", line 966, in render_annotated
    return self.render(context)
           ^^^^^^^^^^^^^^^^^^^^
  File "C:\Users\Alex\PycharmProjects\python_django\.venv\Lib\site-packages\django\template\loader_tags.py", line 157, in render
    return compiled_parent._render(context)
           ^^^^^^^^^^^^^^^^^^^^^^^^^^^^^^^^
  File "C:\Users\Alex\PycharmProjects\python_django\.venv\Lib\site-packages\django\test\utils.py", line 111, in instrumented_test_render
    return self.nodelist.render(context)
           ^^^^^^^^^^^^^^^^^^^^^^^^^^^^^
  File "C:\Users\Alex\PycharmProjects\python_django\.venv\Lib\site-packages\django\template\base.py", line 1005, in render
    return SafeString("".join([node.render_annotated(context) for node in self]))
                              ^^^^^^^^^^^^^^^^^^^^^^^^^^^^^^^^^^^^^^^^^^^^^^^^^
  File "C:\Users\Alex\PycharmProjects\python_django\.venv\Lib\site-packages\django\template\base.py", line 1005, in <listcomp>
    return SafeString("".join([node.render_annotated(context) for node in self]))
                               ^^^^^^^^^^^^^^^^^^^^^^^^^^^^^^
  File "C:\Users\Alex\PycharmProjects\python_django\.venv\Lib\site-packages\django\template\base.py", line 966, in render_annotated
    return self.render(context)
           ^^^^^^^^^^^^^^^^^^^^
  File "C:\Users\Alex\PycharmProjects\python_django\.venv\Lib\site-packages\django\template\loader_tags.py", line 63, in render
    result = block.nodelist.render(context)
             ^^^^^^^^^^^^^^^^^^^^^^^^^^^^^^
  File "C:\Users\Alex\PycharmProjects\python_django\.venv\Lib\site-packages\django\template\base.py", line 1005, in render
    return SafeString("".join([node.render_annotated(context) for node in self]))
                              ^^^^^^^^^^^^^^^^^^^^^^^^^^^^^^^^^^^^^^^^^^^^^^^^^
  File "C:\Users\Alex\PycharmProjects\python_django\.venv\Lib\site-packages\django\template\base.py", line 1005, in <listcomp>
    return SafeString("".join([node.render_annotated(context) for node in self]))
                               ^^^^^^^^^^^^^^^^^^^^^^^^^^^^^^
  File "C:\Users\Alex\PycharmProjects\python_django\.venv\Lib\site-packages\django\template\base.py", line 966, in render_annotated
    return self.render(context)
           ^^^^^^^^^^^^^^^^^^^^
  File "C:\Users\Alex\PycharmProjects\python_django\.venv\Lib\site-packages\django\templatetags\cache.py", line 53, in render
    value = self.nodelist.render(context)
            ^^^^^^^^^^^^^^^^^^^^^^^^^^^^^
  File "C:\Users\Alex\PycharmProjects\python_django\.venv\Lib\site-packages\django\template\base.py", line 1005, in render
    return SafeString("".join([node.render_annotated(context) for node in self]))
                              ^^^^^^^^^^^^^^^^^^^^^^^^^^^^^^^^^^^^^^^^^^^^^^^^^
  File "C:\Users\Alex\PycharmProjects\python_django\.venv\Lib\site-packages\django\template\base.py", line 1005, in <listcomp>
    return SafeString("".join([node.render_annotated(context) for node in self]))
                               ^^^^^^^^^^^^^^^^^^^^^^^^^^^^^^
  File "C:\Users\Alex\PycharmProjects\python_django\.venv\Lib\site-packages\django\template\base.py", line 966, in render_annotated
    return self.render(context)
           ^^^^^^^^^^^^^^^^^^^^
  File "C:\Users\Alex\PycharmProjects\python_django\.venv\Lib\site-packages\django\template\defaulttags.py", line 321, in render
    return nodelist.render(context)
           ^^^^^^^^^^^^^^^^^^^^^^^^
  File "C:\Users\Alex\PycharmProjects\python_django\.venv\Lib\site-packages\django\template\base.py", line 1005, in render
    return SafeString("".join([node.render_annotated(context) for node in self]))
                              ^^^^^^^^^^^^^^^^^^^^^^^^^^^^^^^^^^^^^^^^^^^^^^^^^
  File "C:\Users\Alex\PycharmProjects\python_django\.venv\Lib\site-packages\django\template\base.py", line 1005, in <listcomp>
    return SafeString("".join([node.render_annotated(context) for node in self]))
                               ^^^^^^^^^^^^^^^^^^^^^^^^^^^^^^
  File "C:\Users\Alex\PycharmProjects\python_django\.venv\Lib\site-packages\django\template\base.py", line 966, in render_annotated
    return self.render(context)
           ^^^^^^^^^^^^^^^^^^^^
  File "C:\Users\Alex\PycharmProjects\python_django\.venv\Lib\site-packages\django\template\defaulttags.py", line 238, in render
    nodelist.append(node.render_annotated(context))
                    ^^^^^^^^^^^^^^^^^^^^^^^^^^^^^^
  File "C:\Users\Alex\PycharmProjects\python_django\.venv\Lib\site-packages\django\template\base.py", line 966, in render_annotated
    return self.render(context)
           ^^^^^^^^^^^^^^^^^^^^
  File "C:\Users\Alex\PycharmProjects\python_django\.venv\Lib\site-packages\django\template\defaulttags.py", line 193, in render
    values = list(values)
             ^^^^^^^^^^^^
TypeError: 'ManyRelatedManager' object is not iterable
2025-01-14 16:44:52,806 [INFO] django.utils.autoreload: C:\Users\Alex\PycharmProjects\python_django\Django_Cache\mysite\mysite\settings.py changed, reloading.
2025-01-14 16:44:53,617 [INFO] django.utils.autoreload: Watching for file changes with StatReloader
2025-01-14 16:45:05,703 [INFO] django.utils.autoreload: C:\Users\Alex\PycharmProjects\python_django\Django_Cache\mysite\mysite\settings.py changed, reloading.
2025-01-14 16:45:06,431 [INFO] django.utils.autoreload: Watching for file changes with StatReloader
2025-01-14 16:45:25,286 [INFO] django.utils.autoreload: C:\Users\Alex\PycharmProjects\python_django\Django_Cache\mysite\mysite\settings.py changed, reloading.
2025-01-14 16:45:26,026 [INFO] django.utils.autoreload: Watching for file changes with StatReloader
2025-01-14 16:45:44,036 [INFO] django.utils.autoreload: C:\Users\Alex\PycharmProjects\python_django\Django_Cache\mysite\shopapp\views.py changed, reloading.
2025-01-14 16:45:44,893 [INFO] django.utils.autoreload: Watching for file changes with StatReloader
2025-01-14 16:46:26,228 [INFO] django.utils.autoreload: C:\Users\Alex\PycharmProjects\python_django\Django_Cache\mysite\shopapp\views.py changed, reloading.
2025-01-14 16:46:26,943 [INFO] django.utils.autoreload: Watching for file changes with StatReloader
2025-01-14 16:46:30,168 [INFO] django.utils.autoreload: C:\Users\Alex\PycharmProjects\python_django\Django_Cache\mysite\shopapp\views.py changed, reloading.
2025-01-14 16:46:30,868 [INFO] django.utils.autoreload: Watching for file changes with StatReloader
2025-01-14 16:50:24,493 [WARNING] django.request: Not Found: /shop/users/10/orders/export
2025-01-14 16:50:29,115 [WARNING] django.request: Not Found: /shop/users/10/orders/
2025-01-14 16:54:43,883 [INFO] django.utils.autoreload: C:\Users\Alex\PycharmProjects\python_django\Django_Cache\mysite\shopapp\views.py changed, reloading.
2025-01-14 16:54:44,575 [INFO] django.utils.autoreload: Watching for file changes with StatReloader
2025-01-14 16:54:52,085 [INFO] django.utils.autoreload: C:\Users\Alex\PycharmProjects\python_django\Django_Cache\mysite\shopapp\views.py changed, reloading.
2025-01-14 16:54:52,937 [INFO] django.utils.autoreload: Watching for file changes with StatReloader
2025-01-14 16:55:00,165 [WARNING] django.request: Not Found: /shop/users/10/orders/export
2025-01-14 16:55:26,912 [INFO] django.utils.autoreload: C:\Users\Alex\PycharmProjects\python_django\Django_Cache\mysite\shopapp\views.py changed, reloading.
2025-01-14 16:55:33,309 [INFO] django.utils.autoreload: Watching for file changes with StatReloader
2025-01-15 09:15:57,904 [INFO] django.utils.autoreload: Watching for file changes with StatReloader
2025-01-15 09:16:15,851 [WARNING] django.request: Not Found: /
2025-01-15 09:16:16,570 [WARNING] django.request: Not Found: /favicon.ico
2025-01-15 09:16:42,722 [ERROR] django.request: Internal Server Error: /admin/login/
Traceback (most recent call last):
  File "C:\Program Files\Python311-64\Lib\site-packages\django\db\backends\utils.py", line 89, in _execute
    return self.cursor.execute(sql, params)
           ^^^^^^^^^^^^^^^^^^^^^^^^^^^^^^^^
  File "C:\Program Files\Python311-64\Lib\site-packages\django\db\backends\sqlite3\base.py", line 357, in execute
    return Database.Cursor.execute(self, query, params)
           ^^^^^^^^^^^^^^^^^^^^^^^^^^^^^^^^^^^^^^^^^^^^
sqlite3.OperationalError: no such table: auth_user

The above exception was the direct cause of the following exception:

Traceback (most recent call last):
  File "C:\Program Files\Python311-64\Lib\site-packages\django\core\handlers\exception.py", line 56, in inner
    response = get_response(request)
               ^^^^^^^^^^^^^^^^^^^^^
  File "C:\Program Files\Python311-64\Lib\site-packages\django\core\handlers\base.py", line 197, in _get_response
    response = wrapped_callback(request, *callback_args, **callback_kwargs)
               ^^^^^^^^^^^^^^^^^^^^^^^^^^^^^^^^^^^^^^^^^^^^^^^^^^^^^^^^^^^^
  File "C:\Program Files\Python311-64\Lib\site-packages\django\utils\decorators.py", line 46, in _wrapper
    return bound_method(*args, **kwargs)
           ^^^^^^^^^^^^^^^^^^^^^^^^^^^^^
  File "C:\Program Files\Python311-64\Lib\site-packages\django\views\decorators\cache.py", line 62, in _wrapped_view_func
    response = view_func(request, *args, **kwargs)
               ^^^^^^^^^^^^^^^^^^^^^^^^^^^^^^^^^^^
  File "C:\Program Files\Python311-64\Lib\site-packages\django\contrib\admin\sites.py", line 441, in login
    return LoginView.as_view(**defaults)(request)
           ^^^^^^^^^^^^^^^^^^^^^^^^^^^^^^^^^^^^^^
  File "C:\Program Files\Python311-64\Lib\site-packages\django\views\generic\base.py", line 103, in view
    return self.dispatch(request, *args, **kwargs)
           ^^^^^^^^^^^^^^^^^^^^^^^^^^^^^^^^^^^^^^^
  File "C:\Program Files\Python311-64\Lib\site-packages\django\utils\decorators.py", line 46, in _wrapper
    return bound_method(*args, **kwargs)
           ^^^^^^^^^^^^^^^^^^^^^^^^^^^^^
  File "C:\Program Files\Python311-64\Lib\site-packages\django\views\decorators\debug.py", line 92, in sensitive_post_parameters_wrapper
    return view(request, *args, **kwargs)
           ^^^^^^^^^^^^^^^^^^^^^^^^^^^^^^
  File "C:\Program Files\Python311-64\Lib\site-packages\django\utils\decorators.py", line 46, in _wrapper
    return bound_method(*args, **kwargs)
           ^^^^^^^^^^^^^^^^^^^^^^^^^^^^^
  File "C:\Program Files\Python311-64\Lib\site-packages\django\utils\decorators.py", line 134, in _wrapped_view
    response = view_func(request, *args, **kwargs)
               ^^^^^^^^^^^^^^^^^^^^^^^^^^^^^^^^^^^
  File "C:\Program Files\Python311-64\Lib\site-packages\django\utils\decorators.py", line 46, in _wrapper
    return bound_method(*args, **kwargs)
           ^^^^^^^^^^^^^^^^^^^^^^^^^^^^^
  File "C:\Program Files\Python311-64\Lib\site-packages\django\views\decorators\cache.py", line 62, in _wrapped_view_func
    response = view_func(request, *args, **kwargs)
               ^^^^^^^^^^^^^^^^^^^^^^^^^^^^^^^^^^^
  File "C:\Program Files\Python311-64\Lib\site-packages\django\contrib\auth\views.py", line 90, in dispatch
    return super().dispatch(request, *args, **kwargs)
           ^^^^^^^^^^^^^^^^^^^^^^^^^^^^^^^^^^^^^^^^^^
  File "C:\Program Files\Python311-64\Lib\site-packages\django\views\generic\base.py", line 142, in dispatch
    return handler(request, *args, **kwargs)
           ^^^^^^^^^^^^^^^^^^^^^^^^^^^^^^^^^
  File "C:\Program Files\Python311-64\Lib\site-packages\django\views\generic\edit.py", line 152, in post
    if form.is_valid():
       ^^^^^^^^^^^^^^^
  File "C:\Program Files\Python311-64\Lib\site-packages\django\forms\forms.py", line 205, in is_valid
    return self.is_bound and not self.errors
                                 ^^^^^^^^^^^
  File "C:\Program Files\Python311-64\Lib\site-packages\django\forms\forms.py", line 200, in errors
    self.full_clean()
  File "C:\Program Files\Python311-64\Lib\site-packages\django\forms\forms.py", line 438, in full_clean
    self._clean_form()
  File "C:\Program Files\Python311-64\Lib\site-packages\django\forms\forms.py", line 459, in _clean_form
    cleaned_data = self.clean()
                   ^^^^^^^^^^^^
  File "C:\Program Files\Python311-64\Lib\site-packages\django\contrib\auth\forms.py", line 217, in clean
    self.user_cache = authenticate(
                      ^^^^^^^^^^^^^
  File "C:\Program Files\Python311-64\Lib\site-packages\django\views\decorators\debug.py", line 42, in sensitive_variables_wrapper
    return func(*func_args, **func_kwargs)
           ^^^^^^^^^^^^^^^^^^^^^^^^^^^^^^^
  File "C:\Program Files\Python311-64\Lib\site-packages\django\contrib\auth\__init__.py", line 77, in authenticate
    user = backend.authenticate(request, **credentials)
           ^^^^^^^^^^^^^^^^^^^^^^^^^^^^^^^^^^^^^^^^^^^^
  File "C:\Program Files\Python311-64\Lib\site-packages\django\contrib\auth\backends.py", line 46, in authenticate
    user = UserModel._default_manager.get_by_natural_key(username)
           ^^^^^^^^^^^^^^^^^^^^^^^^^^^^^^^^^^^^^^^^^^^^^^^^^^^^^^^
  File "C:\Program Files\Python311-64\Lib\site-packages\django\contrib\auth\base_user.py", line 46, in get_by_natural_key
    return self.get(**{self.model.USERNAME_FIELD: username})
           ^^^^^^^^^^^^^^^^^^^^^^^^^^^^^^^^^^^^^^^^^^^^^^^^^
  File "C:\Program Files\Python311-64\Lib\site-packages\django\db\models\manager.py", line 85, in manager_method
    return getattr(self.get_queryset(), name)(*args, **kwargs)
           ^^^^^^^^^^^^^^^^^^^^^^^^^^^^^^^^^^^^^^^^^^^^^^^^^^^
  File "C:\Program Files\Python311-64\Lib\site-packages\django\db\models\query.py", line 646, in get
    num = len(clone)
          ^^^^^^^^^^
  File "C:\Program Files\Python311-64\Lib\site-packages\django\db\models\query.py", line 376, in __len__
    self._fetch_all()
  File "C:\Program Files\Python311-64\Lib\site-packages\django\db\models\query.py", line 1867, in _fetch_all
    self._result_cache = list(self._iterable_class(self))
                         ^^^^^^^^^^^^^^^^^^^^^^^^^^^^^^^^
  File "C:\Program Files\Python311-64\Lib\site-packages\django\db\models\query.py", line 87, in __iter__
    results = compiler.execute_sql(
              ^^^^^^^^^^^^^^^^^^^^^
  File "C:\Program Files\Python311-64\Lib\site-packages\django\db\models\sql\compiler.py", line 1398, in execute_sql
    cursor.execute(sql, params)
  File "C:\Program Files\Python311-64\Lib\site-packages\debug_toolbar\panels\sql\tracking.py", line 247, in execute
    return self._record(self.cursor.execute, sql, params)
           ^^^^^^^^^^^^^^^^^^^^^^^^^^^^^^^^^^^^^^^^^^^^^^
  File "C:\Program Files\Python311-64\Lib\site-packages\debug_toolbar\panels\sql\tracking.py", line 168, in _record
    return method(sql, params)
           ^^^^^^^^^^^^^^^^^^^
  File "C:\Program Files\Python311-64\Lib\site-packages\django\db\backends\utils.py", line 102, in execute
    return super().execute(sql, params)
           ^^^^^^^^^^^^^^^^^^^^^^^^^^^^
  File "C:\Program Files\Python311-64\Lib\site-packages\django\db\backends\utils.py", line 67, in execute
    return self._execute_with_wrappers(
           ^^^^^^^^^^^^^^^^^^^^^^^^^^^^
  File "C:\Program Files\Python311-64\Lib\site-packages\django\db\backends\utils.py", line 80, in _execute_with_wrappers
    return executor(sql, params, many, context)
           ^^^^^^^^^^^^^^^^^^^^^^^^^^^^^^^^^^^^
  File "C:\Program Files\Python311-64\Lib\site-packages\django\db\backends\utils.py", line 84, in _execute
    with self.db.wrap_database_errors:
  File "C:\Program Files\Python311-64\Lib\site-packages\django\db\utils.py", line 91, in __exit__
    raise dj_exc_value.with_traceback(traceback) from exc_value
  File "C:\Program Files\Python311-64\Lib\site-packages\django\db\backends\utils.py", line 89, in _execute
    return self.cursor.execute(sql, params)
           ^^^^^^^^^^^^^^^^^^^^^^^^^^^^^^^^
  File "C:\Program Files\Python311-64\Lib\site-packages\django\db\backends\sqlite3\base.py", line 357, in execute
    return Database.Cursor.execute(self, query, params)
           ^^^^^^^^^^^^^^^^^^^^^^^^^^^^^^^^^^^^^^^^^^^^
django.db.utils.OperationalError: no such table: auth_user
2025-01-15 10:37:47,783 [INFO] django.utils.autoreload: C:\Users\Admin\Downloads\python_django-master-prod\python_django-master-prod\prod\mysite\mysite\settings.py changed, reloading.
2025-01-15 10:37:48,721 [INFO] django.utils.autoreload: Watching for file changes with StatReloader
2025-01-15 10:38:02,709 [INFO] django.utils.autoreload: C:\Users\Admin\Downloads\python_django-master-prod\python_django-master-prod\prod\mysite\mysite\settings.py changed, reloading.
2025-01-15 10:38:03,424 [INFO] django.utils.autoreload: Watching for file changes with StatReloader
2025-01-15 10:38:11,979 [INFO] django.utils.autoreload: C:\Users\Admin\Downloads\python_django-master-prod\python_django-master-prod\prod\mysite\mysite\settings.py changed, reloading.
2025-01-15 10:38:12,798 [INFO] django.utils.autoreload: Watching for file changes with StatReloader
2025-01-15 10:43:19,299 [INFO] django.utils.autoreload: C:\Users\Admin\Downloads\python_django-master-prod\python_django-master-prod\prod\mysite\mysite\settings.py changed, reloading.
